-- The C compiler identification is GNU 14.0.1
-- The CXX compiler identification is GNU 14.0.1
-- Detecting C compiler ABI info
-- Detecting C compiler ABI info - done
-- Check for working C compiler: /usr/bin/cc - skipped
-- Detecting C compile features
-- Detecting C compile features - done
-- Detecting CXX compiler ABI info
-- Detecting CXX compiler ABI info - done
-- Check for working CXX compiler: /usr/bin/c++ - skipped
-- Detecting CXX compile features
-- Detecting CXX compile features - done
-- Found ament_cmake: 2.7.5 (/opt/ros/kilted/share/ament_cmake/cmake)
-- Found Python3: /usr/bin/python3 (found version "3.12.3") found components: Interpreter 
-- Found rosidl_default_generators: 1.7.2 (/opt/ros/kilted/share/rosidl_default_generators/cmake)
-- Using all available rosidl_typesupport_c: rosidl_typesupport_fastrtps_c;rosidl_typesupport_introspection_c
-- Using all available rosidl_typesupport_cpp: rosidl_typesupport_fastrtps_cpp;rosidl_typesupport_introspection_cpp
-- Found rosidl_adapter: 4.9.6 (/opt/ros/kilted/share/rosidl_adapter/cmake)
-- Found builtin_interfaces: 2.3.1 (/opt/ros/kilted/share/builtin_interfaces/cmake)
-- Found std_msgs: 5.5.2 (/opt/ros/kilted/share/std_msgs/cmake)
-- Found geometry_msgs: 5.5.2 (/opt/ros/kilted/share/geometry_msgs/cmake)
-- Found sensor_msgs: 5.5.2 (/opt/ros/kilted/share/sensor_msgs/cmake)
-- Found ament_cmake_ros_core: 0.14.7 (/opt/ros/kilted/share/ament_cmake_ros_core/cmake)
-- Using all available rosidl_typesupport_c: rosidl_typesupport_fastrtps_c;rosidl_typesupport_introspection_c
-- Using all available rosidl_typesupport_cpp: rosidl_typesupport_fastrtps_cpp;rosidl_typesupport_introspection_cpp
-- Found Python3: /usr/bin/python3 (found version "3.12.3") found components: Interpreter Development NumPy Development.Module Development.Embed 
-- Found Python3: /usr/bin/python3 (found version "3.12.3") found components: Interpreter 
-- Found ament_lint_auto: 0.19.2 (/opt/ros/kilted/share/ament_lint_auto/cmake)
-- Added test 'copyright' to check source files copyright and LICENSE
-- Added test 'lint_cmake' to check CMake code style
-- Added test 'xmllint' to check XML markup files
-- Configuring done (3.4s)
-- Generating done (0.0s)
-- Build files have been written to: /home/andnetdeboer/baxter_bridge/host_ws/build/baxter_maintenance_msgs
[  1%] [34m[1mGenerating type hashes for ROS interfaces[0m
[  2%] [34m[1mGenerating Rust code for ROS interfaces[0m
[  2%] Built target ament_cmake_python_copy_baxter_maintenance_msgs
running egg_info
creating baxter_maintenance_msgs.egg-info
[  2%] Built target baxter_maintenance_msgs__rosidl_generator_type_description
[  3%] [34m[1mGenerating C code for ROS interfaces[0m
writing baxter_maintenance_msgs.egg-info/PKG-INFO
writing dependency_links to baxter_maintenance_msgs.egg-info/dependency_links.txt
writing top-level names to baxter_maintenance_msgs.egg-info/top_level.txt
writing manifest file 'baxter_maintenance_msgs.egg-info/SOURCES.txt'
[  3%] Built target baxter_maintenance_msgs__rs
[  4%] [34m[1mGenerating C++ code for ROS interfaces[0m
reading manifest file 'baxter_maintenance_msgs.egg-info/SOURCES.txt'
writing manifest file 'baxter_maintenance_msgs.egg-info/SOURCES.txt'
[  4%] Built target ament_cmake_python_build_baxter_maintenance_msgs_egg
[  4%] Built target baxter_maintenance_msgs__cpp
[  5%] [32mBuilding C object CMakeFiles/baxter_maintenance_msgs__rosidl_generator_c.dir/rosidl_generator_c/baxter_maintenance_msgs/msg/detail/calibrate_arm_data__description.c.o[0m
[  6%] [32mBuilding C object CMakeFiles/baxter_maintenance_msgs__rosidl_generator_c.dir/rosidl_generator_c/baxter_maintenance_msgs/msg/detail/calibrate_arm_enable__type_support.c.o[0m
[  7%] [32mBuilding C object CMakeFiles/baxter_maintenance_msgs__rosidl_generator_c.dir/rosidl_generator_c/baxter_maintenance_msgs/msg/detail/calibrate_arm_data__type_support.c.o[0m
[  8%] [32mBuilding C object CMakeFiles/baxter_maintenance_msgs__rosidl_generator_c.dir/rosidl_generator_c/baxter_maintenance_msgs/msg/detail/calibrate_arm_data__functions.c.o[0m
[  9%] [32mBuilding C object CMakeFiles/baxter_maintenance_msgs__rosidl_generator_c.dir/rosidl_generator_c/baxter_maintenance_msgs/msg/detail/calibrate_arm_enable__description.c.o[0m
[ 10%] [32mBuilding C object CMakeFiles/baxter_maintenance_msgs__rosidl_generator_c.dir/rosidl_generator_c/baxter_maintenance_msgs/msg/detail/calibrate_arm_enable__functions.c.o[0m
[ 11%] [32mBuilding C object CMakeFiles/baxter_maintenance_msgs__rosidl_generator_c.dir/rosidl_generator_c/baxter_maintenance_msgs/msg/detail/tare_data__description.c.o[0m
[ 12%] [32mBuilding C object CMakeFiles/baxter_maintenance_msgs__rosidl_generator_c.dir/rosidl_generator_c/baxter_maintenance_msgs/msg/detail/tare_data__functions.c.o[0m
[ 13%] [32mBuilding C object CMakeFiles/baxter_maintenance_msgs__rosidl_generator_c.dir/rosidl_generator_c/baxter_maintenance_msgs/msg/detail/tare_data__type_support.c.o[0m
[ 15%] [32mBuilding C object CMakeFiles/baxter_maintenance_msgs__rosidl_generator_c.dir/rosidl_generator_c/baxter_maintenance_msgs/msg/detail/tare_enable__type_support.c.o[0m
[ 18%] [32mBuilding C object CMakeFiles/baxter_maintenance_msgs__rosidl_generator_c.dir/rosidl_generator_c/baxter_maintenance_msgs/msg/detail/update_sources__description.c.o[0m
[ 18%] [32mBuilding C object CMakeFiles/baxter_maintenance_msgs__rosidl_generator_c.dir/rosidl_generator_c/baxter_maintenance_msgs/msg/detail/tare_enable__description.c.o[0m
[ 15%] [32mBuilding C object CMakeFiles/baxter_maintenance_msgs__rosidl_generator_c.dir/rosidl_generator_c/baxter_maintenance_msgs/msg/detail/update_source__functions.c.o[0m
[ 18%] [32mBuilding C object CMakeFiles/baxter_maintenance_msgs__rosidl_generator_c.dir/rosidl_generator_c/baxter_maintenance_msgs/msg/detail/tare_enable__functions.c.o[0m
[ 20%] [32mBuilding C object CMakeFiles/baxter_maintenance_msgs__rosidl_generator_c.dir/rosidl_generator_c/baxter_maintenance_msgs/msg/detail/update_source__type_support.c.o[0m
[ 21%] [32mBuilding C object CMakeFiles/baxter_maintenance_msgs__rosidl_generator_c.dir/rosidl_generator_c/baxter_maintenance_msgs/msg/detail/update_sources__functions.c.o[0m
[ 22%] [32mBuilding C object CMakeFiles/baxter_maintenance_msgs__rosidl_generator_c.dir/rosidl_generator_c/baxter_maintenance_msgs/msg/detail/update_sources__type_support.c.o[0m
[ 23%] [32mBuilding C object CMakeFiles/baxter_maintenance_msgs__rosidl_generator_c.dir/rosidl_generator_c/baxter_maintenance_msgs/msg/detail/update_source__description.c.o[0m
[ 25%] [32mBuilding C object CMakeFiles/baxter_maintenance_msgs__rosidl_generator_c.dir/rosidl_generator_c/baxter_maintenance_msgs/msg/detail/update_status__description.c.o[0m
[ 25%] [32mBuilding C object CMakeFiles/baxter_maintenance_msgs__rosidl_generator_c.dir/rosidl_generator_c/baxter_maintenance_msgs/msg/detail/update_status__functions.c.o[0m
[ 26%] [32mBuilding C object CMakeFiles/baxter_maintenance_msgs__rosidl_generator_c.dir/rosidl_generator_c/baxter_maintenance_msgs/msg/detail/update_status__type_support.c.o[0m
[ 27%] [32m[1mLinking C shared library libbaxter_maintenance_msgs__rosidl_generator_c.so[0m
[ 27%] Built target baxter_maintenance_msgs__rosidl_generator_c
[ 28%] [34m[1mGenerating C introspection for ROS interfaces[0m
[ 29%] [34m[1mGenerating C++ type support dispatch for ROS interfaces[0m
[ 30%] [34m[1mGenerating C type support dispatch for ROS interfaces[0m
[ 31%] [34m[1mGenerating C type support for eProsima Fast-RTPS[0m
[ 32%] [34m[1mGenerating C++ introspection for ROS interfaces[0m
[ 33%] [34m[1mGenerating C++ type support for eProsima Fast-RTPS[0m
[ 34%] [32mBuilding CXX object CMakeFiles/baxter_maintenance_msgs__rosidl_typesupport_cpp.dir/rosidl_typesupport_cpp/baxter_maintenance_msgs/msg/tare_data__type_support.cpp.o[0m
[ 35%] [32mBuilding CXX object CMakeFiles/baxter_maintenance_msgs__rosidl_typesupport_cpp.dir/rosidl_typesupport_cpp/baxter_maintenance_msgs/msg/calibrate_arm_data__type_support.cpp.o[0m
[ 37%] [32mBuilding CXX object CMakeFiles/baxter_maintenance_msgs__rosidl_typesupport_c.dir/rosidl_typesupport_c/baxter_maintenance_msgs/msg/calibrate_arm_data__type_support.cpp.o[0m
[ 37%] [32mBuilding CXX object CMakeFiles/baxter_maintenance_msgs__rosidl_typesupport_c.dir/rosidl_typesupport_c/baxter_maintenance_msgs/msg/calibrate_arm_enable__type_support.cpp.o[0m
[ 38%] [32mBuilding CXX object CMakeFiles/baxter_maintenance_msgs__rosidl_typesupport_c.dir/rosidl_typesupport_c/baxter_maintenance_msgs/msg/tare_data__type_support.cpp.o[0m
[ 40%] [32mBuilding CXX object CMakeFiles/baxter_maintenance_msgs__rosidl_typesupport_c.dir/rosidl_typesupport_c/baxter_maintenance_msgs/msg/tare_enable__type_support.cpp.o[0m
[ 41%] [32mBuilding CXX object CMakeFiles/baxter_maintenance_msgs__rosidl_typesupport_cpp.dir/rosidl_typesupport_cpp/baxter_maintenance_msgs/msg/calibrate_arm_enable__type_support.cpp.o[0m
[ 42%] [32mBuilding CXX object CMakeFiles/baxter_maintenance_msgs__rosidl_typesupport_cpp.dir/rosidl_typesupport_cpp/baxter_maintenance_msgs/msg/update_source__type_support.cpp.o[0m
[ 43%] [32mBuilding CXX object CMakeFiles/baxter_maintenance_msgs__rosidl_typesupport_cpp.dir/rosidl_typesupport_cpp/baxter_maintenance_msgs/msg/tare_enable__type_support.cpp.o[0m
[ 44%] [32mBuilding CXX object CMakeFiles/baxter_maintenance_msgs__rosidl_typesupport_c.dir/rosidl_typesupport_c/baxter_maintenance_msgs/msg/update_sources__type_support.cpp.o[0m
[ 45%] [32mBuilding CXX object CMakeFiles/baxter_maintenance_msgs__rosidl_typesupport_c.dir/rosidl_typesupport_c/baxter_maintenance_msgs/msg/update_status__type_support.cpp.o[0m
[ 46%] [32mBuilding CXX object CMakeFiles/baxter_maintenance_msgs__rosidl_typesupport_cpp.dir/rosidl_typesupport_cpp/baxter_maintenance_msgs/msg/update_sources__type_support.cpp.o[0m
[ 47%] [32mBuilding CXX object CMakeFiles/baxter_maintenance_msgs__rosidl_typesupport_cpp.dir/rosidl_typesupport_cpp/baxter_maintenance_msgs/msg/update_status__type_support.cpp.o[0m
[ 48%] [32mBuilding CXX object CMakeFiles/baxter_maintenance_msgs__rosidl_typesupport_c.dir/rosidl_typesupport_c/baxter_maintenance_msgs/msg/update_source__type_support.cpp.o[0m
[ 49%] [32m[1mLinking CXX shared library libbaxter_maintenance_msgs__rosidl_typesupport_c.so[0m
[ 50%] [32mBuilding C object CMakeFiles/baxter_maintenance_msgs__rosidl_typesupport_introspection_c.dir/rosidl_typesupport_introspection_c/baxter_maintenance_msgs/msg/detail/update_status__type_support.c.o[0m
[ 51%] [32mBuilding C object CMakeFiles/baxter_maintenance_msgs__rosidl_typesupport_introspection_c.dir/rosidl_typesupport_introspection_c/baxter_maintenance_msgs/msg/detail/calibrate_arm_enable__type_support.c.o[0m
[ 52%] [32mBuilding C object CMakeFiles/baxter_maintenance_msgs__rosidl_typesupport_introspection_c.dir/rosidl_typesupport_introspection_c/baxter_maintenance_msgs/msg/detail/calibrate_arm_data__type_support.c.o[0m
[ 53%] [32mBuilding C object CMakeFiles/baxter_maintenance_msgs__rosidl_typesupport_introspection_c.dir/rosidl_typesupport_introspection_c/baxter_maintenance_msgs/msg/detail/tare_data__type_support.c.o[0m
[ 54%] [32mBuilding C object CMakeFiles/baxter_maintenance_msgs__rosidl_typesupport_introspection_c.dir/rosidl_typesupport_introspection_c/baxter_maintenance_msgs/msg/detail/update_sources__type_support.c.o[0m
[ 55%] [32mBuilding C object CMakeFiles/baxter_maintenance_msgs__rosidl_typesupport_introspection_c.dir/rosidl_typesupport_introspection_c/baxter_maintenance_msgs/msg/detail/update_source__type_support.c.o[0m
[ 56%] [32mBuilding C object CMakeFiles/baxter_maintenance_msgs__rosidl_typesupport_introspection_c.dir/rosidl_typesupport_introspection_c/baxter_maintenance_msgs/msg/detail/tare_enable__type_support.c.o[0m
[ 57%] [32mBuilding CXX object CMakeFiles/baxter_maintenance_msgs__rosidl_typesupport_introspection_cpp.dir/rosidl_typesupport_introspection_cpp/baxter_maintenance_msgs/msg/detail/tare_enable__type_support.cpp.o[0m
[ 58%] [32mBuilding CXX object CMakeFiles/baxter_maintenance_msgs__rosidl_typesupport_introspection_cpp.dir/rosidl_typesupport_introspection_cpp/baxter_maintenance_msgs/msg/detail/update_source__type_support.cpp.o[0m
[ 60%] [32mBuilding CXX object CMakeFiles/baxter_maintenance_msgs__rosidl_typesupport_introspection_cpp.dir/rosidl_typesupport_introspection_cpp/baxter_maintenance_msgs/msg/detail/tare_data__type_support.cpp.o[0m
[ 62%] [32mBuilding CXX object CMakeFiles/baxter_maintenance_msgs__rosidl_typesupport_introspection_cpp.dir/rosidl_typesupport_introspection_cpp/baxter_maintenance_msgs/msg/detail/calibrate_arm_enable__type_support.cpp.o[0m
[ 61%] [32mBuilding CXX object CMakeFiles/baxter_maintenance_msgs__rosidl_typesupport_introspection_cpp.dir/rosidl_typesupport_introspection_cpp/baxter_maintenance_msgs/msg/detail/calibrate_arm_data__type_support.cpp.o[0m
[ 62%] Built target baxter_maintenance_msgs__rosidl_typesupport_c
[ 64%] [32mBuilding CXX object CMakeFiles/baxter_maintenance_msgs__rosidl_typesupport_introspection_cpp.dir/rosidl_typesupport_introspection_cpp/baxter_maintenance_msgs/msg/detail/update_sources__type_support.cpp.o[0m
[ 64%] [32mBuilding CXX object CMakeFiles/baxter_maintenance_msgs__rosidl_typesupport_introspection_cpp.dir/rosidl_typesupport_introspection_cpp/baxter_maintenance_msgs/msg/detail/update_status__type_support.cpp.o[0m
[ 65%] [32m[1mLinking C shared library libbaxter_maintenance_msgs__rosidl_typesupport_introspection_c.so[0m
[ 65%] Built target baxter_maintenance_msgs__rosidl_typesupport_introspection_c
[ 66%] [32mBuilding CXX object CMakeFiles/baxter_maintenance_msgs__rosidl_typesupport_fastrtps_cpp.dir/rosidl_typesupport_fastrtps_cpp/baxter_maintenance_msgs/msg/detail/dds_fastrtps/tare_enable__type_support.cpp.o[0m
[ 68%] [32mBuilding CXX object CMakeFiles/baxter_maintenance_msgs__rosidl_typesupport_fastrtps_cpp.dir/rosidl_typesupport_fastrtps_cpp/baxter_maintenance_msgs/msg/detail/dds_fastrtps/tare_data__type_support.cpp.o[0m
[ 68%] [32mBuilding CXX object CMakeFiles/baxter_maintenance_msgs__rosidl_typesupport_fastrtps_cpp.dir/rosidl_typesupport_fastrtps_cpp/baxter_maintenance_msgs/msg/detail/dds_fastrtps/update_source__type_support.cpp.o[0m
[ 69%] [32mBuilding CXX object CMakeFiles/baxter_maintenance_msgs__rosidl_typesupport_fastrtps_cpp.dir/rosidl_typesupport_fastrtps_cpp/baxter_maintenance_msgs/msg/detail/dds_fastrtps/calibrate_arm_data__type_support.cpp.o[0m
[ 71%] [32mBuilding CXX object CMakeFiles/baxter_maintenance_msgs__rosidl_typesupport_fastrtps_cpp.dir/rosidl_typesupport_fastrtps_cpp/baxter_maintenance_msgs/msg/detail/dds_fastrtps/update_status__type_support.cpp.o[0m
[ 70%] [32mBuilding CXX object CMakeFiles/baxter_maintenance_msgs__rosidl_typesupport_fastrtps_cpp.dir/rosidl_typesupport_fastrtps_cpp/baxter_maintenance_msgs/msg/detail/dds_fastrtps/update_sources__type_support.cpp.o[0m
[ 72%] [32mBuilding CXX object CMakeFiles/baxter_maintenance_msgs__rosidl_typesupport_fastrtps_cpp.dir/rosidl_typesupport_fastrtps_cpp/baxter_maintenance_msgs/msg/detail/dds_fastrtps/calibrate_arm_enable__type_support.cpp.o[0m
[ 73%] [32mBuilding CXX object CMakeFiles/baxter_maintenance_msgs__rosidl_typesupport_fastrtps_c.dir/rosidl_typesupport_fastrtps_c/baxter_maintenance_msgs/msg/detail/calibrate_arm_data__type_support_c.cpp.o[0m
[ 74%] [32mBuilding CXX object CMakeFiles/baxter_maintenance_msgs__rosidl_typesupport_fastrtps_c.dir/rosidl_typesupport_fastrtps_c/baxter_maintenance_msgs/msg/detail/calibrate_arm_enable__type_support_c.cpp.o[0m
[ 75%] [32mBuilding CXX object CMakeFiles/baxter_maintenance_msgs__rosidl_typesupport_fastrtps_c.dir/rosidl_typesupport_fastrtps_c/baxter_maintenance_msgs/msg/detail/update_source__type_support_c.cpp.o[0m
[ 76%] [32mBuilding CXX object CMakeFiles/baxter_maintenance_msgs__rosidl_typesupport_fastrtps_c.dir/rosidl_typesupport_fastrtps_c/baxter_maintenance_msgs/msg/detail/update_sources__type_support_c.cpp.o[0m
[ 77%] [32mBuilding CXX object CMakeFiles/baxter_maintenance_msgs__rosidl_typesupport_fastrtps_c.dir/rosidl_typesupport_fastrtps_c/baxter_maintenance_msgs/msg/detail/tare_data__type_support_c.cpp.o[0m
[ 78%] [32mBuilding CXX object CMakeFiles/baxter_maintenance_msgs__rosidl_typesupport_fastrtps_c.dir/rosidl_typesupport_fastrtps_c/baxter_maintenance_msgs/msg/detail/update_status__type_support_c.cpp.o[0m
[ 80%] [32mBuilding CXX object CMakeFiles/baxter_maintenance_msgs__rosidl_typesupport_fastrtps_c.dir/rosidl_typesupport_fastrtps_c/baxter_maintenance_msgs/msg/detail/tare_enable__type_support_c.cpp.o[0m
[ 81%] [32m[1mLinking CXX shared library libbaxter_maintenance_msgs__rosidl_typesupport_introspection_cpp.so[0m
[ 81%] Built target baxter_maintenance_msgs__rosidl_typesupport_introspection_cpp
[ 82%] [32m[1mLinking CXX shared library libbaxter_maintenance_msgs__rosidl_typesupport_cpp.so[0m
[ 82%] Built target baxter_maintenance_msgs__rosidl_typesupport_cpp
[ 83%] [32m[1mLinking CXX shared library libbaxter_maintenance_msgs__rosidl_typesupport_fastrtps_cpp.so[0m
[ 83%] Built target baxter_maintenance_msgs__rosidl_typesupport_fastrtps_cpp
[ 84%] [32m[1mLinking CXX shared library libbaxter_maintenance_msgs__rosidl_typesupport_fastrtps_c.so[0m
[ 84%] Built target baxter_maintenance_msgs__rosidl_typesupport_fastrtps_c
[ 84%] Built target baxter_maintenance_msgs
[ 85%] [34m[1mGenerating Python code for ROS interfaces[0m
[ 85%] Built target baxter_maintenance_msgs__py
[ 86%] [32mBuilding C object CMakeFiles/baxter_maintenance_msgs__rosidl_generator_py.dir/rosidl_generator_py/baxter_maintenance_msgs/msg/_update_source_s.c.o[0m
[ 87%] [32mBuilding C object CMakeFiles/baxter_maintenance_msgs__rosidl_generator_py.dir/rosidl_generator_py/baxter_maintenance_msgs/msg/_calibrate_arm_enable_s.c.o[0m
[ 88%] [32mBuilding C object CMakeFiles/baxter_maintenance_msgs__rosidl_generator_py.dir/rosidl_generator_py/baxter_maintenance_msgs/msg/_calibrate_arm_data_s.c.o[0m
[ 89%] [32mBuilding C object CMakeFiles/baxter_maintenance_msgs__rosidl_generator_py.dir/rosidl_generator_py/baxter_maintenance_msgs/msg/_update_status_s.c.o[0m
[ 90%] [32mBuilding C object CMakeFiles/baxter_maintenance_msgs__rosidl_generator_py.dir/rosidl_generator_py/baxter_maintenance_msgs/msg/_tare_enable_s.c.o[0m
[ 91%] [32mBuilding C object CMakeFiles/baxter_maintenance_msgs__rosidl_generator_py.dir/rosidl_generator_py/baxter_maintenance_msgs/msg/_update_sources_s.c.o[0m
[ 92%] [32mBuilding C object CMakeFiles/baxter_maintenance_msgs__rosidl_generator_py.dir/rosidl_generator_py/baxter_maintenance_msgs/msg/_tare_data_s.c.o[0m
[ 93%] [32m[1mLinking C shared library libbaxter_maintenance_msgs__rosidl_generator_py.so[0m
[ 93%] Built target baxter_maintenance_msgs__rosidl_generator_py
[ 94%] [32mBuilding C object CMakeFiles/baxter_maintenance_msgs_s__rosidl_typesupport_fastrtps_c.dir/rosidl_generator_py/baxter_maintenance_msgs/_baxter_maintenance_msgs_s.ep.rosidl_typesupport_fastrtps_c.c.o[0m
[ 96%] [32mBuilding C object CMakeFiles/baxter_maintenance_msgs_s__rosidl_typesupport_introspection_c.dir/rosidl_generator_py/baxter_maintenance_msgs/_baxter_maintenance_msgs_s.ep.rosidl_typesupport_introspection_c.c.o[0m
[ 96%] [32mBuilding C object CMakeFiles/baxter_maintenance_msgs_s__rosidl_typesupport_c.dir/rosidl_generator_py/baxter_maintenance_msgs/_baxter_maintenance_msgs_s.ep.rosidl_typesupport_c.c.o[0m
[100%] [32m[1mLinking C shared module rosidl_generator_py/baxter_maintenance_msgs/baxter_maintenance_msgs_s__rosidl_typesupport_introspection_c.so[0m
[100%] [32m[1mLinking C shared module rosidl_generator_py/baxter_maintenance_msgs/baxter_maintenance_msgs_s__rosidl_typesupport_c.so[0m
[100%] [32m[1mLinking C shared module rosidl_generator_py/baxter_maintenance_msgs/baxter_maintenance_msgs_s__rosidl_typesupport_fastrtps_c.so[0m
[100%] Built target baxter_maintenance_msgs_s__rosidl_typesupport_introspection_c
[100%] Built target baxter_maintenance_msgs_s__rosidl_typesupport_fastrtps_c
[100%] Built target baxter_maintenance_msgs_s__rosidl_typesupport_c
-- Install configuration: ""
-- Installing: /home/andnetdeboer/baxter_bridge/host_ws/install/baxter_maintenance_msgs/share/ament_index/resource_index/rosidl_interfaces/baxter_maintenance_msgs
-- Installing: /home/andnetdeboer/baxter_bridge/host_ws/install/baxter_maintenance_msgs/share/baxter_maintenance_msgs/msg/CalibrateArmData.json
-- Installing: /home/andnetdeboer/baxter_bridge/host_ws/install/baxter_maintenance_msgs/share/baxter_maintenance_msgs/msg/CalibrateArmEnable.json
-- Installing: /home/andnetdeboer/baxter_bridge/host_ws/install/baxter_maintenance_msgs/share/baxter_maintenance_msgs/msg/TareData.json
-- Installing: /home/andnetdeboer/baxter_bridge/host_ws/install/baxter_maintenance_msgs/share/baxter_maintenance_msgs/msg/TareEnable.json
-- Installing: /home/andnetdeboer/baxter_bridge/host_ws/install/baxter_maintenance_msgs/share/baxter_maintenance_msgs/msg/UpdateSource.json
-- Installing: /home/andnetdeboer/baxter_bridge/host_ws/install/baxter_maintenance_msgs/share/baxter_maintenance_msgs/msg/UpdateSources.json
-- Installing: /home/andnetdeboer/baxter_bridge/host_ws/install/baxter_maintenance_msgs/share/baxter_maintenance_msgs/msg/UpdateStatus.json
-- Installing: /home/andnetdeboer/baxter_bridge/host_ws/install/baxter_maintenance_msgs/include/baxter_maintenance_msgs/baxter_maintenance_msgs
-- Installing: /home/andnetdeboer/baxter_bridge/host_ws/install/baxter_maintenance_msgs/include/baxter_maintenance_msgs/baxter_maintenance_msgs/msg
-- Installing: /home/andnetdeboer/baxter_bridge/host_ws/install/baxter_maintenance_msgs/include/baxter_maintenance_msgs/baxter_maintenance_msgs/msg/detail
-- Installing: /home/andnetdeboer/baxter_bridge/host_ws/install/baxter_maintenance_msgs/include/baxter_maintenance_msgs/baxter_maintenance_msgs/msg/detail/update_sources__functions.h
-- Installing: /home/andnetdeboer/baxter_bridge/host_ws/install/baxter_maintenance_msgs/include/baxter_maintenance_msgs/baxter_maintenance_msgs/msg/detail/update_status__struct.h
-- Installing: /home/andnetdeboer/baxter_bridge/host_ws/install/baxter_maintenance_msgs/include/baxter_maintenance_msgs/baxter_maintenance_msgs/msg/detail/update_sources__description.c
-- Installing: /home/andnetdeboer/baxter_bridge/host_ws/install/baxter_maintenance_msgs/include/baxter_maintenance_msgs/baxter_maintenance_msgs/msg/detail/tare_enable__type_support.c
-- Installing: /home/andnetdeboer/baxter_bridge/host_ws/install/baxter_maintenance_msgs/include/baxter_maintenance_msgs/baxter_maintenance_msgs/msg/detail/tare_data__description.c
-- Installing: /home/andnetdeboer/baxter_bridge/host_ws/install/baxter_maintenance_msgs/include/baxter_maintenance_msgs/baxter_maintenance_msgs/msg/detail/calibrate_arm_data__description.c
-- Installing: /home/andnetdeboer/baxter_bridge/host_ws/install/baxter_maintenance_msgs/include/baxter_maintenance_msgs/baxter_maintenance_msgs/msg/detail/update_source__type_support.c
-- Installing: /home/andnetdeboer/baxter_bridge/host_ws/install/baxter_maintenance_msgs/include/baxter_maintenance_msgs/baxter_maintenance_msgs/msg/detail/update_source__type_support.h
-- Installing: /home/andnetdeboer/baxter_bridge/host_ws/install/baxter_maintenance_msgs/include/baxter_maintenance_msgs/baxter_maintenance_msgs/msg/detail/update_source__description.c
-- Installing: /home/andnetdeboer/baxter_bridge/host_ws/install/baxter_maintenance_msgs/include/baxter_maintenance_msgs/baxter_maintenance_msgs/msg/detail/update_status__type_support.h
-- Installing: /home/andnetdeboer/baxter_bridge/host_ws/install/baxter_maintenance_msgs/include/baxter_maintenance_msgs/baxter_maintenance_msgs/msg/detail/tare_enable__functions.c
-- Installing: /home/andnetdeboer/baxter_bridge/host_ws/install/baxter_maintenance_msgs/include/baxter_maintenance_msgs/baxter_maintenance_msgs/msg/detail/update_status__description.c
-- Installing: /home/andnetdeboer/baxter_bridge/host_ws/install/baxter_maintenance_msgs/include/baxter_maintenance_msgs/baxter_maintenance_msgs/msg/detail/update_sources__functions.c
-- Installing: /home/andnetdeboer/baxter_bridge/host_ws/install/baxter_maintenance_msgs/include/baxter_maintenance_msgs/baxter_maintenance_msgs/msg/detail/tare_data__struct.h
-- Installing: /home/andnetdeboer/baxter_bridge/host_ws/install/baxter_maintenance_msgs/include/baxter_maintenance_msgs/baxter_maintenance_msgs/msg/detail/tare_enable__functions.h
-- Installing: /home/andnetdeboer/baxter_bridge/host_ws/install/baxter_maintenance_msgs/include/baxter_maintenance_msgs/baxter_maintenance_msgs/msg/detail/update_status__type_support.c
-- Installing: /home/andnetdeboer/baxter_bridge/host_ws/install/baxter_maintenance_msgs/include/baxter_maintenance_msgs/baxter_maintenance_msgs/msg/detail/calibrate_arm_enable__description.c
-- Installing: /home/andnetdeboer/baxter_bridge/host_ws/install/baxter_maintenance_msgs/include/baxter_maintenance_msgs/baxter_maintenance_msgs/msg/detail/tare_data__functions.h
-- Installing: /home/andnetdeboer/baxter_bridge/host_ws/install/baxter_maintenance_msgs/include/baxter_maintenance_msgs/baxter_maintenance_msgs/msg/detail/tare_data__type_support.h
-- Installing: /home/andnetdeboer/baxter_bridge/host_ws/install/baxter_maintenance_msgs/include/baxter_maintenance_msgs/baxter_maintenance_msgs/msg/detail/tare_data__functions.c
-- Installing: /home/andnetdeboer/baxter_bridge/host_ws/install/baxter_maintenance_msgs/include/baxter_maintenance_msgs/baxter_maintenance_msgs/msg/detail/calibrate_arm_data__struct.h
-- Installing: /home/andnetdeboer/baxter_bridge/host_ws/install/baxter_maintenance_msgs/include/baxter_maintenance_msgs/baxter_maintenance_msgs/msg/detail/update_status__functions.c
-- Installing: /home/andnetdeboer/baxter_bridge/host_ws/install/baxter_maintenance_msgs/include/baxter_maintenance_msgs/baxter_maintenance_msgs/msg/detail/calibrate_arm_data__functions.c
-- Installing: /home/andnetdeboer/baxter_bridge/host_ws/install/baxter_maintenance_msgs/include/baxter_maintenance_msgs/baxter_maintenance_msgs/msg/detail/update_source__functions.c
-- Installing: /home/andnetdeboer/baxter_bridge/host_ws/install/baxter_maintenance_msgs/include/baxter_maintenance_msgs/baxter_maintenance_msgs/msg/detail/update_sources__struct.h
-- Installing: /home/andnetdeboer/baxter_bridge/host_ws/install/baxter_maintenance_msgs/include/baxter_maintenance_msgs/baxter_maintenance_msgs/msg/detail/calibrate_arm_data__type_support.h
-- Installing: /home/andnetdeboer/baxter_bridge/host_ws/install/baxter_maintenance_msgs/include/baxter_maintenance_msgs/baxter_maintenance_msgs/msg/detail/tare_data__type_support.c
-- Installing: /home/andnetdeboer/baxter_bridge/host_ws/install/baxter_maintenance_msgs/include/baxter_maintenance_msgs/baxter_maintenance_msgs/msg/detail/tare_enable__struct.h
-- Installing: /home/andnetdeboer/baxter_bridge/host_ws/install/baxter_maintenance_msgs/include/baxter_maintenance_msgs/baxter_maintenance_msgs/msg/detail/update_sources__type_support.c
-- Installing: /home/andnetdeboer/baxter_bridge/host_ws/install/baxter_maintenance_msgs/include/baxter_maintenance_msgs/baxter_maintenance_msgs/msg/detail/update_status__functions.h
-- Installing: /home/andnetdeboer/baxter_bridge/host_ws/install/baxter_maintenance_msgs/include/baxter_maintenance_msgs/baxter_maintenance_msgs/msg/detail/calibrate_arm_data__type_support.c
-- Installing: /home/andnetdeboer/baxter_bridge/host_ws/install/baxter_maintenance_msgs/include/baxter_maintenance_msgs/baxter_maintenance_msgs/msg/detail/calibrate_arm_data__functions.h
-- Installing: /home/andnetdeboer/baxter_bridge/host_ws/install/baxter_maintenance_msgs/include/baxter_maintenance_msgs/baxter_maintenance_msgs/msg/detail/calibrate_arm_enable__struct.h
-- Installing: /home/andnetdeboer/baxter_bridge/host_ws/install/baxter_maintenance_msgs/include/baxter_maintenance_msgs/baxter_maintenance_msgs/msg/detail/update_source__functions.h
-- Installing: /home/andnetdeboer/baxter_bridge/host_ws/install/baxter_maintenance_msgs/include/baxter_maintenance_msgs/baxter_maintenance_msgs/msg/detail/calibrate_arm_enable__functions.c
-- Installing: /home/andnetdeboer/baxter_bridge/host_ws/install/baxter_maintenance_msgs/include/baxter_maintenance_msgs/baxter_maintenance_msgs/msg/detail/calibrate_arm_enable__type_support.c
-- Installing: /home/andnetdeboer/baxter_bridge/host_ws/install/baxter_maintenance_msgs/include/baxter_maintenance_msgs/baxter_maintenance_msgs/msg/detail/calibrate_arm_enable__type_support.h
-- Installing: /home/andnetdeboer/baxter_bridge/host_ws/install/baxter_maintenance_msgs/include/baxter_maintenance_msgs/baxter_maintenance_msgs/msg/detail/tare_enable__description.c
-- Installing: /home/andnetdeboer/baxter_bridge/host_ws/install/baxter_maintenance_msgs/include/baxter_maintenance_msgs/baxter_maintenance_msgs/msg/detail/tare_enable__type_support.h
-- Installing: /home/andnetdeboer/baxter_bridge/host_ws/install/baxter_maintenance_msgs/include/baxter_maintenance_msgs/baxter_maintenance_msgs/msg/detail/calibrate_arm_enable__functions.h
-- Installing: /home/andnetdeboer/baxter_bridge/host_ws/install/baxter_maintenance_msgs/include/baxter_maintenance_msgs/baxter_maintenance_msgs/msg/detail/update_sources__type_support.h
-- Installing: /home/andnetdeboer/baxter_bridge/host_ws/install/baxter_maintenance_msgs/include/baxter_maintenance_msgs/baxter_maintenance_msgs/msg/detail/update_source__struct.h
-- Installing: /home/andnetdeboer/baxter_bridge/host_ws/install/baxter_maintenance_msgs/include/baxter_maintenance_msgs/baxter_maintenance_msgs/msg/update_sources.h
-- Installing: /home/andnetdeboer/baxter_bridge/host_ws/install/baxter_maintenance_msgs/include/baxter_maintenance_msgs/baxter_maintenance_msgs/msg/rosidl_generator_c__visibility_control.h
-- Installing: /home/andnetdeboer/baxter_bridge/host_ws/install/baxter_maintenance_msgs/include/baxter_maintenance_msgs/baxter_maintenance_msgs/msg/update_source.h
-- Installing: /home/andnetdeboer/baxter_bridge/host_ws/install/baxter_maintenance_msgs/include/baxter_maintenance_msgs/baxter_maintenance_msgs/msg/update_status.h
-- Installing: /home/andnetdeboer/baxter_bridge/host_ws/install/baxter_maintenance_msgs/include/baxter_maintenance_msgs/baxter_maintenance_msgs/msg/tare_data.h
-- Installing: /home/andnetdeboer/baxter_bridge/host_ws/install/baxter_maintenance_msgs/include/baxter_maintenance_msgs/baxter_maintenance_msgs/msg/calibrate_arm_enable.h
-- Installing: /home/andnetdeboer/baxter_bridge/host_ws/install/baxter_maintenance_msgs/include/baxter_maintenance_msgs/baxter_maintenance_msgs/msg/calibrate_arm_data.h
-- Installing: /home/andnetdeboer/baxter_bridge/host_ws/install/baxter_maintenance_msgs/include/baxter_maintenance_msgs/baxter_maintenance_msgs/msg/tare_enable.h
-- Installing: /home/andnetdeboer/baxter_bridge/host_ws/install/baxter_maintenance_msgs/share/baxter_maintenance_msgs/environment/library_path.sh
-- Installing: /home/andnetdeboer/baxter_bridge/host_ws/install/baxter_maintenance_msgs/share/baxter_maintenance_msgs/environment/library_path.dsv
-- Installing: /home/andnetdeboer/baxter_bridge/host_ws/install/baxter_maintenance_msgs/lib/libbaxter_maintenance_msgs__rosidl_generator_c.so
-- Set non-toolchain portion of runtime path of "/home/andnetdeboer/baxter_bridge/host_ws/install/baxter_maintenance_msgs/lib/libbaxter_maintenance_msgs__rosidl_generator_c.so" to ""
-- Up-to-date: /home/andnetdeboer/baxter_bridge/host_ws/install/baxter_maintenance_msgs/include/baxter_maintenance_msgs/baxter_maintenance_msgs
-- Up-to-date: /home/andnetdeboer/baxter_bridge/host_ws/install/baxter_maintenance_msgs/include/baxter_maintenance_msgs/baxter_maintenance_msgs/msg
-- Up-to-date: /home/andnetdeboer/baxter_bridge/host_ws/install/baxter_maintenance_msgs/include/baxter_maintenance_msgs/baxter_maintenance_msgs/msg/detail
-- Installing: /home/andnetdeboer/baxter_bridge/host_ws/install/baxter_maintenance_msgs/include/baxter_maintenance_msgs/baxter_maintenance_msgs/msg/detail/calibrate_arm_data__rosidl_typesupport_fastrtps_c.h
-- Installing: /home/andnetdeboer/baxter_bridge/host_ws/install/baxter_maintenance_msgs/include/baxter_maintenance_msgs/baxter_maintenance_msgs/msg/detail/update_sources__rosidl_typesupport_fastrtps_c.h
-- Installing: /home/andnetdeboer/baxter_bridge/host_ws/install/baxter_maintenance_msgs/include/baxter_maintenance_msgs/baxter_maintenance_msgs/msg/detail/update_status__rosidl_typesupport_fastrtps_c.h
-- Installing: /home/andnetdeboer/baxter_bridge/host_ws/install/baxter_maintenance_msgs/include/baxter_maintenance_msgs/baxter_maintenance_msgs/msg/detail/update_source__rosidl_typesupport_fastrtps_c.h
-- Installing: /home/andnetdeboer/baxter_bridge/host_ws/install/baxter_maintenance_msgs/include/baxter_maintenance_msgs/baxter_maintenance_msgs/msg/detail/calibrate_arm_enable__rosidl_typesupport_fastrtps_c.h
-- Installing: /home/andnetdeboer/baxter_bridge/host_ws/install/baxter_maintenance_msgs/include/baxter_maintenance_msgs/baxter_maintenance_msgs/msg/detail/tare_enable__rosidl_typesupport_fastrtps_c.h
-- Installing: /home/andnetdeboer/baxter_bridge/host_ws/install/baxter_maintenance_msgs/include/baxter_maintenance_msgs/baxter_maintenance_msgs/msg/detail/tare_data__rosidl_typesupport_fastrtps_c.h
-- Installing: /home/andnetdeboer/baxter_bridge/host_ws/install/baxter_maintenance_msgs/include/baxter_maintenance_msgs/baxter_maintenance_msgs/msg/rosidl_typesupport_fastrtps_c__visibility_control.h
-- Installing: /home/andnetdeboer/baxter_bridge/host_ws/install/baxter_maintenance_msgs/lib/libbaxter_maintenance_msgs__rosidl_typesupport_fastrtps_c.so
-- Set non-toolchain portion of runtime path of "/home/andnetdeboer/baxter_bridge/host_ws/install/baxter_maintenance_msgs/lib/libbaxter_maintenance_msgs__rosidl_typesupport_fastrtps_c.so" to ""
-- Up-to-date: /home/andnetdeboer/baxter_bridge/host_ws/install/baxter_maintenance_msgs/include/baxter_maintenance_msgs/baxter_maintenance_msgs
-- Up-to-date: /home/andnetdeboer/baxter_bridge/host_ws/install/baxter_maintenance_msgs/include/baxter_maintenance_msgs/baxter_maintenance_msgs/msg
-- Up-to-date: /home/andnetdeboer/baxter_bridge/host_ws/install/baxter_maintenance_msgs/include/baxter_maintenance_msgs/baxter_maintenance_msgs/msg/detail
-- Installing: /home/andnetdeboer/baxter_bridge/host_ws/install/baxter_maintenance_msgs/include/baxter_maintenance_msgs/baxter_maintenance_msgs/msg/detail/update_source__rosidl_typesupport_introspection_c.h
-- Installing: /home/andnetdeboer/baxter_bridge/host_ws/install/baxter_maintenance_msgs/include/baxter_maintenance_msgs/baxter_maintenance_msgs/msg/detail/update_sources__rosidl_typesupport_introspection_c.h
-- Installing: /home/andnetdeboer/baxter_bridge/host_ws/install/baxter_maintenance_msgs/include/baxter_maintenance_msgs/baxter_maintenance_msgs/msg/detail/tare_enable__type_support.c
-- Installing: /home/andnetdeboer/baxter_bridge/host_ws/install/baxter_maintenance_msgs/include/baxter_maintenance_msgs/baxter_maintenance_msgs/msg/detail/update_status__rosidl_typesupport_introspection_c.h
-- Installing: /home/andnetdeboer/baxter_bridge/host_ws/install/baxter_maintenance_msgs/include/baxter_maintenance_msgs/baxter_maintenance_msgs/msg/detail/update_source__type_support.c
-- Installing: /home/andnetdeboer/baxter_bridge/host_ws/install/baxter_maintenance_msgs/include/baxter_maintenance_msgs/baxter_maintenance_msgs/msg/detail/tare_data__rosidl_typesupport_introspection_c.h
-- Installing: /home/andnetdeboer/baxter_bridge/host_ws/install/baxter_maintenance_msgs/include/baxter_maintenance_msgs/baxter_maintenance_msgs/msg/detail/update_status__type_support.c
-- Installing: /home/andnetdeboer/baxter_bridge/host_ws/install/baxter_maintenance_msgs/include/baxter_maintenance_msgs/baxter_maintenance_msgs/msg/detail/calibrate_arm_enable__rosidl_typesupport_introspection_c.h
-- Installing: /home/andnetdeboer/baxter_bridge/host_ws/install/baxter_maintenance_msgs/include/baxter_maintenance_msgs/baxter_maintenance_msgs/msg/detail/tare_data__type_support.c
-- Installing: /home/andnetdeboer/baxter_bridge/host_ws/install/baxter_maintenance_msgs/include/baxter_maintenance_msgs/baxter_maintenance_msgs/msg/detail/update_sources__type_support.c
-- Installing: /home/andnetdeboer/baxter_bridge/host_ws/install/baxter_maintenance_msgs/include/baxter_maintenance_msgs/baxter_maintenance_msgs/msg/detail/tare_enable__rosidl_typesupport_introspection_c.h
-- Installing: /home/andnetdeboer/baxter_bridge/host_ws/install/baxter_maintenance_msgs/include/baxter_maintenance_msgs/baxter_maintenance_msgs/msg/detail/calibrate_arm_data__type_support.c
-- Installing: /home/andnetdeboer/baxter_bridge/host_ws/install/baxter_maintenance_msgs/include/baxter_maintenance_msgs/baxter_maintenance_msgs/msg/detail/calibrate_arm_data__rosidl_typesupport_introspection_c.h
-- Installing: /home/andnetdeboer/baxter_bridge/host_ws/install/baxter_maintenance_msgs/include/baxter_maintenance_msgs/baxter_maintenance_msgs/msg/detail/calibrate_arm_enable__type_support.c
-- Installing: /home/andnetdeboer/baxter_bridge/host_ws/install/baxter_maintenance_msgs/include/baxter_maintenance_msgs/baxter_maintenance_msgs/msg/rosidl_typesupport_introspection_c__visibility_control.h
-- Installing: /home/andnetdeboer/baxter_bridge/host_ws/install/baxter_maintenance_msgs/lib/libbaxter_maintenance_msgs__rosidl_typesupport_introspection_c.so
-- Set non-toolchain portion of runtime path of "/home/andnetdeboer/baxter_bridge/host_ws/install/baxter_maintenance_msgs/lib/libbaxter_maintenance_msgs__rosidl_typesupport_introspection_c.so" to ""
-- Installing: /home/andnetdeboer/baxter_bridge/host_ws/install/baxter_maintenance_msgs/lib/libbaxter_maintenance_msgs__rosidl_typesupport_c.so
-- Set non-toolchain portion of runtime path of "/home/andnetdeboer/baxter_bridge/host_ws/install/baxter_maintenance_msgs/lib/libbaxter_maintenance_msgs__rosidl_typesupport_c.so" to ""
-- Up-to-date: /home/andnetdeboer/baxter_bridge/host_ws/install/baxter_maintenance_msgs/include/baxter_maintenance_msgs/baxter_maintenance_msgs
-- Up-to-date: /home/andnetdeboer/baxter_bridge/host_ws/install/baxter_maintenance_msgs/include/baxter_maintenance_msgs/baxter_maintenance_msgs/msg
-- Up-to-date: /home/andnetdeboer/baxter_bridge/host_ws/install/baxter_maintenance_msgs/include/baxter_maintenance_msgs/baxter_maintenance_msgs/msg/detail
-- Installing: /home/andnetdeboer/baxter_bridge/host_ws/install/baxter_maintenance_msgs/include/baxter_maintenance_msgs/baxter_maintenance_msgs/msg/detail/update_source__traits.hpp
-- Installing: /home/andnetdeboer/baxter_bridge/host_ws/install/baxter_maintenance_msgs/include/baxter_maintenance_msgs/baxter_maintenance_msgs/msg/detail/tare_enable__type_support.hpp
-- Installing: /home/andnetdeboer/baxter_bridge/host_ws/install/baxter_maintenance_msgs/include/baxter_maintenance_msgs/baxter_maintenance_msgs/msg/detail/calibrate_arm_data__traits.hpp
-- Installing: /home/andnetdeboer/baxter_bridge/host_ws/install/baxter_maintenance_msgs/include/baxter_maintenance_msgs/baxter_maintenance_msgs/msg/detail/update_sources__struct.hpp
-- Installing: /home/andnetdeboer/baxter_bridge/host_ws/install/baxter_maintenance_msgs/include/baxter_maintenance_msgs/baxter_maintenance_msgs/msg/detail/tare_enable__traits.hpp
-- Installing: /home/andnetdeboer/baxter_bridge/host_ws/install/baxter_maintenance_msgs/include/baxter_maintenance_msgs/baxter_maintenance_msgs/msg/detail/update_sources__traits.hpp
-- Installing: /home/andnetdeboer/baxter_bridge/host_ws/install/baxter_maintenance_msgs/include/baxter_maintenance_msgs/baxter_maintenance_msgs/msg/detail/update_sources__type_support.hpp
-- Installing: /home/andnetdeboer/baxter_bridge/host_ws/install/baxter_maintenance_msgs/include/baxter_maintenance_msgs/baxter_maintenance_msgs/msg/detail/tare_data__type_support.hpp
-- Installing: /home/andnetdeboer/baxter_bridge/host_ws/install/baxter_maintenance_msgs/include/baxter_maintenance_msgs/baxter_maintenance_msgs/msg/detail/update_source__builder.hpp
-- Installing: /home/andnetdeboer/baxter_bridge/host_ws/install/baxter_maintenance_msgs/include/baxter_maintenance_msgs/baxter_maintenance_msgs/msg/detail/update_sources__builder.hpp
-- Installing: /home/andnetdeboer/baxter_bridge/host_ws/install/baxter_maintenance_msgs/include/baxter_maintenance_msgs/baxter_maintenance_msgs/msg/detail/calibrate_arm_data__struct.hpp
-- Installing: /home/andnetdeboer/baxter_bridge/host_ws/install/baxter_maintenance_msgs/include/baxter_maintenance_msgs/baxter_maintenance_msgs/msg/detail/update_status__builder.hpp
-- Installing: /home/andnetdeboer/baxter_bridge/host_ws/install/baxter_maintenance_msgs/include/baxter_maintenance_msgs/baxter_maintenance_msgs/msg/detail/calibrate_arm_enable__struct.hpp
-- Installing: /home/andnetdeboer/baxter_bridge/host_ws/install/baxter_maintenance_msgs/include/baxter_maintenance_msgs/baxter_maintenance_msgs/msg/detail/tare_enable__struct.hpp
-- Installing: /home/andnetdeboer/baxter_bridge/host_ws/install/baxter_maintenance_msgs/include/baxter_maintenance_msgs/baxter_maintenance_msgs/msg/detail/update_status__struct.hpp
-- Installing: /home/andnetdeboer/baxter_bridge/host_ws/install/baxter_maintenance_msgs/include/baxter_maintenance_msgs/baxter_maintenance_msgs/msg/detail/calibrate_arm_data__builder.hpp
-- Installing: /home/andnetdeboer/baxter_bridge/host_ws/install/baxter_maintenance_msgs/include/baxter_maintenance_msgs/baxter_maintenance_msgs/msg/detail/update_source__struct.hpp
-- Installing: /home/andnetdeboer/baxter_bridge/host_ws/install/baxter_maintenance_msgs/include/baxter_maintenance_msgs/baxter_maintenance_msgs/msg/detail/tare_data__traits.hpp
-- Installing: /home/andnetdeboer/baxter_bridge/host_ws/install/baxter_maintenance_msgs/include/baxter_maintenance_msgs/baxter_maintenance_msgs/msg/detail/update_status__type_support.hpp
-- Installing: /home/andnetdeboer/baxter_bridge/host_ws/install/baxter_maintenance_msgs/include/baxter_maintenance_msgs/baxter_maintenance_msgs/msg/detail/calibrate_arm_data__type_support.hpp
-- Installing: /home/andnetdeboer/baxter_bridge/host_ws/install/baxter_maintenance_msgs/include/baxter_maintenance_msgs/baxter_maintenance_msgs/msg/detail/calibrate_arm_enable__type_support.hpp
-- Installing: /home/andnetdeboer/baxter_bridge/host_ws/install/baxter_maintenance_msgs/include/baxter_maintenance_msgs/baxter_maintenance_msgs/msg/detail/update_status__traits.hpp
-- Installing: /home/andnetdeboer/baxter_bridge/host_ws/install/baxter_maintenance_msgs/include/baxter_maintenance_msgs/baxter_maintenance_msgs/msg/detail/update_source__type_support.hpp
-- Installing: /home/andnetdeboer/baxter_bridge/host_ws/install/baxter_maintenance_msgs/include/baxter_maintenance_msgs/baxter_maintenance_msgs/msg/detail/tare_enable__builder.hpp
-- Installing: /home/andnetdeboer/baxter_bridge/host_ws/install/baxter_maintenance_msgs/include/baxter_maintenance_msgs/baxter_maintenance_msgs/msg/detail/tare_data__builder.hpp
-- Installing: /home/andnetdeboer/baxter_bridge/host_ws/install/baxter_maintenance_msgs/include/baxter_maintenance_msgs/baxter_maintenance_msgs/msg/detail/calibrate_arm_enable__traits.hpp
-- Installing: /home/andnetdeboer/baxter_bridge/host_ws/install/baxter_maintenance_msgs/include/baxter_maintenance_msgs/baxter_maintenance_msgs/msg/detail/tare_data__struct.hpp
-- Installing: /home/andnetdeboer/baxter_bridge/host_ws/install/baxter_maintenance_msgs/include/baxter_maintenance_msgs/baxter_maintenance_msgs/msg/detail/calibrate_arm_enable__builder.hpp
-- Installing: /home/andnetdeboer/baxter_bridge/host_ws/install/baxter_maintenance_msgs/include/baxter_maintenance_msgs/baxter_maintenance_msgs/msg/rosidl_generator_cpp__visibility_control.hpp
-- Installing: /home/andnetdeboer/baxter_bridge/host_ws/install/baxter_maintenance_msgs/include/baxter_maintenance_msgs/baxter_maintenance_msgs/msg/update_status.hpp
-- Installing: /home/andnetdeboer/baxter_bridge/host_ws/install/baxter_maintenance_msgs/include/baxter_maintenance_msgs/baxter_maintenance_msgs/msg/calibrate_arm_enable.hpp
-- Installing: /home/andnetdeboer/baxter_bridge/host_ws/install/baxter_maintenance_msgs/include/baxter_maintenance_msgs/baxter_maintenance_msgs/msg/update_sources.hpp
-- Installing: /home/andnetdeboer/baxter_bridge/host_ws/install/baxter_maintenance_msgs/include/baxter_maintenance_msgs/baxter_maintenance_msgs/msg/tare_data.hpp
-- Installing: /home/andnetdeboer/baxter_bridge/host_ws/install/baxter_maintenance_msgs/include/baxter_maintenance_msgs/baxter_maintenance_msgs/msg/tare_enable.hpp
-- Installing: /home/andnetdeboer/baxter_bridge/host_ws/install/baxter_maintenance_msgs/include/baxter_maintenance_msgs/baxter_maintenance_msgs/msg/update_source.hpp
-- Installing: /home/andnetdeboer/baxter_bridge/host_ws/install/baxter_maintenance_msgs/include/baxter_maintenance_msgs/baxter_maintenance_msgs/msg/calibrate_arm_data.hpp
-- Up-to-date: /home/andnetdeboer/baxter_bridge/host_ws/install/baxter_maintenance_msgs/include/baxter_maintenance_msgs/baxter_maintenance_msgs
-- Up-to-date: /home/andnetdeboer/baxter_bridge/host_ws/install/baxter_maintenance_msgs/include/baxter_maintenance_msgs/baxter_maintenance_msgs/msg
-- Up-to-date: /home/andnetdeboer/baxter_bridge/host_ws/install/baxter_maintenance_msgs/include/baxter_maintenance_msgs/baxter_maintenance_msgs/msg/detail
-- Installing: /home/andnetdeboer/baxter_bridge/host_ws/install/baxter_maintenance_msgs/include/baxter_maintenance_msgs/baxter_maintenance_msgs/msg/detail/update_status__rosidl_typesupport_fastrtps_cpp.hpp
-- Installing: /home/andnetdeboer/baxter_bridge/host_ws/install/baxter_maintenance_msgs/include/baxter_maintenance_msgs/baxter_maintenance_msgs/msg/detail/update_source__rosidl_typesupport_fastrtps_cpp.hpp
-- Installing: /home/andnetdeboer/baxter_bridge/host_ws/install/baxter_maintenance_msgs/include/baxter_maintenance_msgs/baxter_maintenance_msgs/msg/detail/tare_data__rosidl_typesupport_fastrtps_cpp.hpp
-- Installing: /home/andnetdeboer/baxter_bridge/host_ws/install/baxter_maintenance_msgs/include/baxter_maintenance_msgs/baxter_maintenance_msgs/msg/detail/calibrate_arm_enable__rosidl_typesupport_fastrtps_cpp.hpp
-- Installing: /home/andnetdeboer/baxter_bridge/host_ws/install/baxter_maintenance_msgs/include/baxter_maintenance_msgs/baxter_maintenance_msgs/msg/detail/calibrate_arm_data__rosidl_typesupport_fastrtps_cpp.hpp
-- Installing: /home/andnetdeboer/baxter_bridge/host_ws/install/baxter_maintenance_msgs/include/baxter_maintenance_msgs/baxter_maintenance_msgs/msg/detail/tare_enable__rosidl_typesupport_fastrtps_cpp.hpp
-- Installing: /home/andnetdeboer/baxter_bridge/host_ws/install/baxter_maintenance_msgs/include/baxter_maintenance_msgs/baxter_maintenance_msgs/msg/detail/update_sources__rosidl_typesupport_fastrtps_cpp.hpp
-- Installing: /home/andnetdeboer/baxter_bridge/host_ws/install/baxter_maintenance_msgs/include/baxter_maintenance_msgs/baxter_maintenance_msgs/msg/detail/dds_fastrtps
-- Installing: /home/andnetdeboer/baxter_bridge/host_ws/install/baxter_maintenance_msgs/include/baxter_maintenance_msgs/baxter_maintenance_msgs/msg/rosidl_typesupport_fastrtps_cpp__visibility_control.h
-- Installing: /home/andnetdeboer/baxter_bridge/host_ws/install/baxter_maintenance_msgs/lib/libbaxter_maintenance_msgs__rosidl_typesupport_fastrtps_cpp.so
-- Set non-toolchain portion of runtime path of "/home/andnetdeboer/baxter_bridge/host_ws/install/baxter_maintenance_msgs/lib/libbaxter_maintenance_msgs__rosidl_typesupport_fastrtps_cpp.so" to ""
-- Up-to-date: /home/andnetdeboer/baxter_bridge/host_ws/install/baxter_maintenance_msgs/include/baxter_maintenance_msgs/baxter_maintenance_msgs
-- Up-to-date: /home/andnetdeboer/baxter_bridge/host_ws/install/baxter_maintenance_msgs/include/baxter_maintenance_msgs/baxter_maintenance_msgs/msg
-- Up-to-date: /home/andnetdeboer/baxter_bridge/host_ws/install/baxter_maintenance_msgs/include/baxter_maintenance_msgs/baxter_maintenance_msgs/msg/detail
-- Installing: /home/andnetdeboer/baxter_bridge/host_ws/install/baxter_maintenance_msgs/include/baxter_maintenance_msgs/baxter_maintenance_msgs/msg/detail/calibrate_arm_enable__rosidl_typesupport_introspection_cpp.hpp
-- Installing: /home/andnetdeboer/baxter_bridge/host_ws/install/baxter_maintenance_msgs/include/baxter_maintenance_msgs/baxter_maintenance_msgs/msg/detail/calibrate_arm_data__rosidl_typesupport_introspection_cpp.hpp
-- Installing: /home/andnetdeboer/baxter_bridge/host_ws/install/baxter_maintenance_msgs/include/baxter_maintenance_msgs/baxter_maintenance_msgs/msg/detail/update_sources__rosidl_typesupport_introspection_cpp.hpp
-- Installing: /home/andnetdeboer/baxter_bridge/host_ws/install/baxter_maintenance_msgs/include/baxter_maintenance_msgs/baxter_maintenance_msgs/msg/detail/calibrate_arm_data__type_support.cpp
-- Installing: /home/andnetdeboer/baxter_bridge/host_ws/install/baxter_maintenance_msgs/include/baxter_maintenance_msgs/baxter_maintenance_msgs/msg/detail/calibrate_arm_enable__type_support.cpp
-- Installing: /home/andnetdeboer/baxter_bridge/host_ws/install/baxter_maintenance_msgs/include/baxter_maintenance_msgs/baxter_maintenance_msgs/msg/detail/tare_data__type_support.cpp
-- Installing: /home/andnetdeboer/baxter_bridge/host_ws/install/baxter_maintenance_msgs/include/baxter_maintenance_msgs/baxter_maintenance_msgs/msg/detail/update_sources__type_support.cpp
-- Installing: /home/andnetdeboer/baxter_bridge/host_ws/install/baxter_maintenance_msgs/include/baxter_maintenance_msgs/baxter_maintenance_msgs/msg/detail/tare_data__rosidl_typesupport_introspection_cpp.hpp
-- Installing: /home/andnetdeboer/baxter_bridge/host_ws/install/baxter_maintenance_msgs/include/baxter_maintenance_msgs/baxter_maintenance_msgs/msg/detail/update_status__type_support.cpp
-- Installing: /home/andnetdeboer/baxter_bridge/host_ws/install/baxter_maintenance_msgs/include/baxter_maintenance_msgs/baxter_maintenance_msgs/msg/detail/tare_enable__type_support.cpp
-- Installing: /home/andnetdeboer/baxter_bridge/host_ws/install/baxter_maintenance_msgs/include/baxter_maintenance_msgs/baxter_maintenance_msgs/msg/detail/update_status__rosidl_typesupport_introspection_cpp.hpp
-- Installing: /home/andnetdeboer/baxter_bridge/host_ws/install/baxter_maintenance_msgs/include/baxter_maintenance_msgs/baxter_maintenance_msgs/msg/detail/tare_enable__rosidl_typesupport_introspection_cpp.hpp
-- Installing: /home/andnetdeboer/baxter_bridge/host_ws/install/baxter_maintenance_msgs/include/baxter_maintenance_msgs/baxter_maintenance_msgs/msg/detail/update_source__type_support.cpp
-- Installing: /home/andnetdeboer/baxter_bridge/host_ws/install/baxter_maintenance_msgs/include/baxter_maintenance_msgs/baxter_maintenance_msgs/msg/detail/update_source__rosidl_typesupport_introspection_cpp.hpp
-- Installing: /home/andnetdeboer/baxter_bridge/host_ws/install/baxter_maintenance_msgs/lib/libbaxter_maintenance_msgs__rosidl_typesupport_introspection_cpp.so
-- Set non-toolchain portion of runtime path of "/home/andnetdeboer/baxter_bridge/host_ws/install/baxter_maintenance_msgs/lib/libbaxter_maintenance_msgs__rosidl_typesupport_introspection_cpp.so" to ""
-- Installing: /home/andnetdeboer/baxter_bridge/host_ws/install/baxter_maintenance_msgs/lib/libbaxter_maintenance_msgs__rosidl_typesupport_cpp.so
-- Set non-toolchain portion of runtime path of "/home/andnetdeboer/baxter_bridge/host_ws/install/baxter_maintenance_msgs/lib/libbaxter_maintenance_msgs__rosidl_typesupport_cpp.so" to ""
-- Installing: /home/andnetdeboer/baxter_bridge/host_ws/install/baxter_maintenance_msgs/share/baxter_maintenance_msgs/environment/pythonpath.sh
-- Installing: /home/andnetdeboer/baxter_bridge/host_ws/install/baxter_maintenance_msgs/share/baxter_maintenance_msgs/environment/pythonpath.dsv
-- Installing: /home/andnetdeboer/baxter_bridge/host_ws/install/baxter_maintenance_msgs/lib/python3.12/site-packages/baxter_maintenance_msgs-0.0.0-py3.12.egg-info
-- Installing: /home/andnetdeboer/baxter_bridge/host_ws/install/baxter_maintenance_msgs/lib/python3.12/site-packages/baxter_maintenance_msgs-0.0.0-py3.12.egg-info/SOURCES.txt
-- Installing: /home/andnetdeboer/baxter_bridge/host_ws/install/baxter_maintenance_msgs/lib/python3.12/site-packages/baxter_maintenance_msgs-0.0.0-py3.12.egg-info/PKG-INFO
-- Installing: /home/andnetdeboer/baxter_bridge/host_ws/install/baxter_maintenance_msgs/lib/python3.12/site-packages/baxter_maintenance_msgs-0.0.0-py3.12.egg-info/dependency_links.txt
-- Installing: /home/andnetdeboer/baxter_bridge/host_ws/install/baxter_maintenance_msgs/lib/python3.12/site-packages/baxter_maintenance_msgs-0.0.0-py3.12.egg-info/top_level.txt
-- Installing: /home/andnetdeboer/baxter_bridge/host_ws/install/baxter_maintenance_msgs/lib/python3.12/site-packages/baxter_maintenance_msgs
-- Installing: /home/andnetdeboer/baxter_bridge/host_ws/install/baxter_maintenance_msgs/lib/python3.12/site-packages/baxter_maintenance_msgs/__init__.py
-- Installing: /home/andnetdeboer/baxter_bridge/host_ws/install/baxter_maintenance_msgs/lib/python3.12/site-packages/baxter_maintenance_msgs/baxter_maintenance_msgs_s__rosidl_typesupport_introspection_c.so
-- Installing: /home/andnetdeboer/baxter_bridge/host_ws/install/baxter_maintenance_msgs/lib/python3.12/site-packages/baxter_maintenance_msgs/msg
-- Installing: /home/andnetdeboer/baxter_bridge/host_ws/install/baxter_maintenance_msgs/lib/python3.12/site-packages/baxter_maintenance_msgs/msg/__init__.py
-- Installing: /home/andnetdeboer/baxter_bridge/host_ws/install/baxter_maintenance_msgs/lib/python3.12/site-packages/baxter_maintenance_msgs/msg/_calibrate_arm_enable.py
-- Installing: /home/andnetdeboer/baxter_bridge/host_ws/install/baxter_maintenance_msgs/lib/python3.12/site-packages/baxter_maintenance_msgs/msg/_tare_data.py
-- Installing: /home/andnetdeboer/baxter_bridge/host_ws/install/baxter_maintenance_msgs/lib/python3.12/site-packages/baxter_maintenance_msgs/msg/_update_status.py
-- Installing: /home/andnetdeboer/baxter_bridge/host_ws/install/baxter_maintenance_msgs/lib/python3.12/site-packages/baxter_maintenance_msgs/msg/_tare_enable_s.c
-- Installing: /home/andnetdeboer/baxter_bridge/host_ws/install/baxter_maintenance_msgs/lib/python3.12/site-packages/baxter_maintenance_msgs/msg/_tare_enable.py
-- Installing: /home/andnetdeboer/baxter_bridge/host_ws/install/baxter_maintenance_msgs/lib/python3.12/site-packages/baxter_maintenance_msgs/msg/_update_source_s.c
-- Installing: /home/andnetdeboer/baxter_bridge/host_ws/install/baxter_maintenance_msgs/lib/python3.12/site-packages/baxter_maintenance_msgs/msg/_tare_data_s.c
-- Installing: /home/andnetdeboer/baxter_bridge/host_ws/install/baxter_maintenance_msgs/lib/python3.12/site-packages/baxter_maintenance_msgs/msg/_calibrate_arm_data_s.c
-- Installing: /home/andnetdeboer/baxter_bridge/host_ws/install/baxter_maintenance_msgs/lib/python3.12/site-packages/baxter_maintenance_msgs/msg/_update_source.py
-- Installing: /home/andnetdeboer/baxter_bridge/host_ws/install/baxter_maintenance_msgs/lib/python3.12/site-packages/baxter_maintenance_msgs/msg/_calibrate_arm_data.py
-- Installing: /home/andnetdeboer/baxter_bridge/host_ws/install/baxter_maintenance_msgs/lib/python3.12/site-packages/baxter_maintenance_msgs/msg/_update_sources_s.c
-- Installing: /home/andnetdeboer/baxter_bridge/host_ws/install/baxter_maintenance_msgs/lib/python3.12/site-packages/baxter_maintenance_msgs/msg/_update_status_s.c
-- Installing: /home/andnetdeboer/baxter_bridge/host_ws/install/baxter_maintenance_msgs/lib/python3.12/site-packages/baxter_maintenance_msgs/msg/_calibrate_arm_enable_s.c
-- Installing: /home/andnetdeboer/baxter_bridge/host_ws/install/baxter_maintenance_msgs/lib/python3.12/site-packages/baxter_maintenance_msgs/msg/_update_sources.py
-- Installing: /home/andnetdeboer/baxter_bridge/host_ws/install/baxter_maintenance_msgs/lib/python3.12/site-packages/baxter_maintenance_msgs/baxter_maintenance_msgs_s__rosidl_typesupport_c.so
-- Installing: /home/andnetdeboer/baxter_bridge/host_ws/install/baxter_maintenance_msgs/lib/python3.12/site-packages/baxter_maintenance_msgs/_baxter_maintenance_msgs_s.ep.rosidl_typesupport_c.c
-- Installing: /home/andnetdeboer/baxter_bridge/host_ws/install/baxter_maintenance_msgs/lib/python3.12/site-packages/baxter_maintenance_msgs/_baxter_maintenance_msgs_s.ep.rosidl_typesupport_introspection_c.c
-- Installing: /home/andnetdeboer/baxter_bridge/host_ws/install/baxter_maintenance_msgs/lib/python3.12/site-packages/baxter_maintenance_msgs/baxter_maintenance_msgs_s__rosidl_typesupport_fastrtps_c.so
-- Installing: /home/andnetdeboer/baxter_bridge/host_ws/install/baxter_maintenance_msgs/lib/python3.12/site-packages/baxter_maintenance_msgs/_baxter_maintenance_msgs_s.ep.rosidl_typesupport_fastrtps_c.c
Listing '/home/andnetdeboer/baxter_bridge/host_ws/install/baxter_maintenance_msgs/lib/python3.12/site-packages/baxter_maintenance_msgs'...
Compiling '/home/andnetdeboer/baxter_bridge/host_ws/install/baxter_maintenance_msgs/lib/python3.12/site-packages/baxter_maintenance_msgs/__init__.py'...
Listing '/home/andnetdeboer/baxter_bridge/host_ws/install/baxter_maintenance_msgs/lib/python3.12/site-packages/baxter_maintenance_msgs/msg'...
Compiling '/home/andnetdeboer/baxter_bridge/host_ws/install/baxter_maintenance_msgs/lib/python3.12/site-packages/baxter_maintenance_msgs/msg/__init__.py'...
Compiling '/home/andnetdeboer/baxter_bridge/host_ws/install/baxter_maintenance_msgs/lib/python3.12/site-packages/baxter_maintenance_msgs/msg/_calibrate_arm_data.py'...
Compiling '/home/andnetdeboer/baxter_bridge/host_ws/install/baxter_maintenance_msgs/lib/python3.12/site-packages/baxter_maintenance_msgs/msg/_calibrate_arm_enable.py'...
Compiling '/home/andnetdeboer/baxter_bridge/host_ws/install/baxter_maintenance_msgs/lib/python3.12/site-packages/baxter_maintenance_msgs/msg/_tare_data.py'...
Compiling '/home/andnetdeboer/baxter_bridge/host_ws/install/baxter_maintenance_msgs/lib/python3.12/site-packages/baxter_maintenance_msgs/msg/_tare_enable.py'...
Compiling '/home/andnetdeboer/baxter_bridge/host_ws/install/baxter_maintenance_msgs/lib/python3.12/site-packages/baxter_maintenance_msgs/msg/_update_source.py'...
Compiling '/home/andnetdeboer/baxter_bridge/host_ws/install/baxter_maintenance_msgs/lib/python3.12/site-packages/baxter_maintenance_msgs/msg/_update_sources.py'...
Compiling '/home/andnetdeboer/baxter_bridge/host_ws/install/baxter_maintenance_msgs/lib/python3.12/site-packages/baxter_maintenance_msgs/msg/_update_status.py'...
-- Installing: /home/andnetdeboer/baxter_bridge/host_ws/install/baxter_maintenance_msgs/lib/python3.12/site-packages/baxter_maintenance_msgs/baxter_maintenance_msgs_s__rosidl_typesupport_fastrtps_c.so
-- Set non-toolchain portion of runtime path of "/home/andnetdeboer/baxter_bridge/host_ws/install/baxter_maintenance_msgs/lib/python3.12/site-packages/baxter_maintenance_msgs/baxter_maintenance_msgs_s__rosidl_typesupport_fastrtps_c.so" to ""
-- Installing: /home/andnetdeboer/baxter_bridge/host_ws/install/baxter_maintenance_msgs/lib/python3.12/site-packages/baxter_maintenance_msgs/baxter_maintenance_msgs_s__rosidl_typesupport_introspection_c.so
-- Set non-toolchain portion of runtime path of "/home/andnetdeboer/baxter_bridge/host_ws/install/baxter_maintenance_msgs/lib/python3.12/site-packages/baxter_maintenance_msgs/baxter_maintenance_msgs_s__rosidl_typesupport_introspection_c.so" to ""
-- Installing: /home/andnetdeboer/baxter_bridge/host_ws/install/baxter_maintenance_msgs/lib/python3.12/site-packages/baxter_maintenance_msgs/baxter_maintenance_msgs_s__rosidl_typesupport_c.so
-- Set non-toolchain portion of runtime path of "/home/andnetdeboer/baxter_bridge/host_ws/install/baxter_maintenance_msgs/lib/python3.12/site-packages/baxter_maintenance_msgs/baxter_maintenance_msgs_s__rosidl_typesupport_c.so" to ""
-- Installing: /home/andnetdeboer/baxter_bridge/host_ws/install/baxter_maintenance_msgs/lib/libbaxter_maintenance_msgs__rosidl_generator_py.so
-- Set non-toolchain portion of runtime path of "/home/andnetdeboer/baxter_bridge/host_ws/install/baxter_maintenance_msgs/lib/libbaxter_maintenance_msgs__rosidl_generator_py.so" to ""
-- Installing: /home/andnetdeboer/baxter_bridge/host_ws/install/baxter_maintenance_msgs/share/ament_index/resource_index/rust_packages/baxter_maintenance_msgs
-- Installing: /home/andnetdeboer/baxter_bridge/host_ws/install/baxter_maintenance_msgs/share/baxter_maintenance_msgs/rust
-- Installing: /home/andnetdeboer/baxter_bridge/host_ws/install/baxter_maintenance_msgs/share/baxter_maintenance_msgs/rust/src
-- Installing: /home/andnetdeboer/baxter_bridge/host_ws/install/baxter_maintenance_msgs/share/baxter_maintenance_msgs/rust/src/msg
-- Installing: /home/andnetdeboer/baxter_bridge/host_ws/install/baxter_maintenance_msgs/share/baxter_maintenance_msgs/rust/src/msg/rmw.rs
-- Installing: /home/andnetdeboer/baxter_bridge/host_ws/install/baxter_maintenance_msgs/share/baxter_maintenance_msgs/rust/src/lib.rs
-- Installing: /home/andnetdeboer/baxter_bridge/host_ws/install/baxter_maintenance_msgs/share/baxter_maintenance_msgs/rust/src/msg.rs
-- Installing: /home/andnetdeboer/baxter_bridge/host_ws/install/baxter_maintenance_msgs/share/baxter_maintenance_msgs/rust/Cargo.toml
-- Installing: /home/andnetdeboer/baxter_bridge/host_ws/install/baxter_maintenance_msgs/share/baxter_maintenance_msgs/rust/build.rs
-- Installing: /home/andnetdeboer/baxter_bridge/host_ws/install/baxter_maintenance_msgs/share/baxter_maintenance_msgs/msg/CalibrateArmData.idl
-- Installing: /home/andnetdeboer/baxter_bridge/host_ws/install/baxter_maintenance_msgs/share/baxter_maintenance_msgs/msg/CalibrateArmEnable.idl
-- Installing: /home/andnetdeboer/baxter_bridge/host_ws/install/baxter_maintenance_msgs/share/baxter_maintenance_msgs/msg/TareData.idl
-- Installing: /home/andnetdeboer/baxter_bridge/host_ws/install/baxter_maintenance_msgs/share/baxter_maintenance_msgs/msg/TareEnable.idl
-- Installing: /home/andnetdeboer/baxter_bridge/host_ws/install/baxter_maintenance_msgs/share/baxter_maintenance_msgs/msg/UpdateSource.idl
-- Installing: /home/andnetdeboer/baxter_bridge/host_ws/install/baxter_maintenance_msgs/share/baxter_maintenance_msgs/msg/UpdateSources.idl
-- Installing: /home/andnetdeboer/baxter_bridge/host_ws/install/baxter_maintenance_msgs/share/baxter_maintenance_msgs/msg/UpdateStatus.idl
-- Installing: /home/andnetdeboer/baxter_bridge/host_ws/install/baxter_maintenance_msgs/share/baxter_maintenance_msgs/msg/CalibrateArmData.msg
-- Installing: /home/andnetdeboer/baxter_bridge/host_ws/install/baxter_maintenance_msgs/share/baxter_maintenance_msgs/msg/CalibrateArmEnable.msg
-- Installing: /home/andnetdeboer/baxter_bridge/host_ws/install/baxter_maintenance_msgs/share/baxter_maintenance_msgs/msg/TareData.msg
-- Installing: /home/andnetdeboer/baxter_bridge/host_ws/install/baxter_maintenance_msgs/share/baxter_maintenance_msgs/msg/TareEnable.msg
-- Installing: /home/andnetdeboer/baxter_bridge/host_ws/install/baxter_maintenance_msgs/share/baxter_maintenance_msgs/msg/UpdateSource.msg
-- Installing: /home/andnetdeboer/baxter_bridge/host_ws/install/baxter_maintenance_msgs/share/baxter_maintenance_msgs/msg/UpdateSources.msg
-- Installing: /home/andnetdeboer/baxter_bridge/host_ws/install/baxter_maintenance_msgs/share/baxter_maintenance_msgs/msg/UpdateStatus.msg
-- Installing: /home/andnetdeboer/baxter_bridge/host_ws/install/baxter_maintenance_msgs/share/ament_index/resource_index/package_run_dependencies/baxter_maintenance_msgs
-- Installing: /home/andnetdeboer/baxter_bridge/host_ws/install/baxter_maintenance_msgs/share/ament_index/resource_index/parent_prefix_path/baxter_maintenance_msgs
-- Installing: /home/andnetdeboer/baxter_bridge/host_ws/install/baxter_maintenance_msgs/share/baxter_maintenance_msgs/environment/ament_prefix_path.sh
-- Installing: /home/andnetdeboer/baxter_bridge/host_ws/install/baxter_maintenance_msgs/share/baxter_maintenance_msgs/environment/ament_prefix_path.dsv
-- Installing: /home/andnetdeboer/baxter_bridge/host_ws/install/baxter_maintenance_msgs/share/baxter_maintenance_msgs/environment/path.sh
-- Installing: /home/andnetdeboer/baxter_bridge/host_ws/install/baxter_maintenance_msgs/share/baxter_maintenance_msgs/environment/path.dsv
-- Installing: /home/andnetdeboer/baxter_bridge/host_ws/install/baxter_maintenance_msgs/share/baxter_maintenance_msgs/local_setup.bash
-- Installing: /home/andnetdeboer/baxter_bridge/host_ws/install/baxter_maintenance_msgs/share/baxter_maintenance_msgs/local_setup.sh
-- Installing: /home/andnetdeboer/baxter_bridge/host_ws/install/baxter_maintenance_msgs/share/baxter_maintenance_msgs/local_setup.zsh
-- Installing: /home/andnetdeboer/baxter_bridge/host_ws/install/baxter_maintenance_msgs/share/baxter_maintenance_msgs/local_setup.dsv
-- Installing: /home/andnetdeboer/baxter_bridge/host_ws/install/baxter_maintenance_msgs/share/baxter_maintenance_msgs/package.dsv
-- Installing: /home/andnetdeboer/baxter_bridge/host_ws/install/baxter_maintenance_msgs/share/ament_index/resource_index/packages/baxter_maintenance_msgs
-- Installing: /home/andnetdeboer/baxter_bridge/host_ws/install/baxter_maintenance_msgs/share/baxter_maintenance_msgs/cmake/export_baxter_maintenance_msgs__rosidl_generator_cExport.cmake
-- Installing: /home/andnetdeboer/baxter_bridge/host_ws/install/baxter_maintenance_msgs/share/baxter_maintenance_msgs/cmake/export_baxter_maintenance_msgs__rosidl_generator_cExport-noconfig.cmake
-- Installing: /home/andnetdeboer/baxter_bridge/host_ws/install/baxter_maintenance_msgs/share/baxter_maintenance_msgs/cmake/export_baxter_maintenance_msgs__rosidl_typesupport_fastrtps_cExport.cmake
-- Installing: /home/andnetdeboer/baxter_bridge/host_ws/install/baxter_maintenance_msgs/share/baxter_maintenance_msgs/cmake/export_baxter_maintenance_msgs__rosidl_typesupport_fastrtps_cExport-noconfig.cmake
-- Installing: /home/andnetdeboer/baxter_bridge/host_ws/install/baxter_maintenance_msgs/share/baxter_maintenance_msgs/cmake/baxter_maintenance_msgs__rosidl_typesupport_introspection_cExport.cmake
-- Installing: /home/andnetdeboer/baxter_bridge/host_ws/install/baxter_maintenance_msgs/share/baxter_maintenance_msgs/cmake/baxter_maintenance_msgs__rosidl_typesupport_introspection_cExport-noconfig.cmake
-- Installing: /home/andnetdeboer/baxter_bridge/host_ws/install/baxter_maintenance_msgs/share/baxter_maintenance_msgs/cmake/baxter_maintenance_msgs__rosidl_typesupport_cExport.cmake
-- Installing: /home/andnetdeboer/baxter_bridge/host_ws/install/baxter_maintenance_msgs/share/baxter_maintenance_msgs/cmake/baxter_maintenance_msgs__rosidl_typesupport_cExport-noconfig.cmake
-- Installing: /home/andnetdeboer/baxter_bridge/host_ws/install/baxter_maintenance_msgs/share/baxter_maintenance_msgs/cmake/export_baxter_maintenance_msgs__rosidl_generator_cppExport.cmake
-- Installing: /home/andnetdeboer/baxter_bridge/host_ws/install/baxter_maintenance_msgs/share/baxter_maintenance_msgs/cmake/export_baxter_maintenance_msgs__rosidl_typesupport_fastrtps_cppExport.cmake
-- Installing: /home/andnetdeboer/baxter_bridge/host_ws/install/baxter_maintenance_msgs/share/baxter_maintenance_msgs/cmake/export_baxter_maintenance_msgs__rosidl_typesupport_fastrtps_cppExport-noconfig.cmake
-- Installing: /home/andnetdeboer/baxter_bridge/host_ws/install/baxter_maintenance_msgs/share/baxter_maintenance_msgs/cmake/baxter_maintenance_msgs__rosidl_typesupport_introspection_cppExport.cmake
-- Installing: /home/andnetdeboer/baxter_bridge/host_ws/install/baxter_maintenance_msgs/share/baxter_maintenance_msgs/cmake/baxter_maintenance_msgs__rosidl_typesupport_introspection_cppExport-noconfig.cmake
-- Installing: /home/andnetdeboer/baxter_bridge/host_ws/install/baxter_maintenance_msgs/share/baxter_maintenance_msgs/cmake/baxter_maintenance_msgs__rosidl_typesupport_cppExport.cmake
-- Installing: /home/andnetdeboer/baxter_bridge/host_ws/install/baxter_maintenance_msgs/share/baxter_maintenance_msgs/cmake/baxter_maintenance_msgs__rosidl_typesupport_cppExport-noconfig.cmake
-- Installing: /home/andnetdeboer/baxter_bridge/host_ws/install/baxter_maintenance_msgs/share/baxter_maintenance_msgs/cmake/export_baxter_maintenance_msgs__rosidl_generator_pyExport.cmake
-- Installing: /home/andnetdeboer/baxter_bridge/host_ws/install/baxter_maintenance_msgs/share/baxter_maintenance_msgs/cmake/export_baxter_maintenance_msgs__rosidl_generator_pyExport-noconfig.cmake
-- Installing: /home/andnetdeboer/baxter_bridge/host_ws/install/baxter_maintenance_msgs/share/baxter_maintenance_msgs/cmake/rosidl_cmake-extras.cmake
-- Installing: /home/andnetdeboer/baxter_bridge/host_ws/install/baxter_maintenance_msgs/share/baxter_maintenance_msgs/cmake/ament_cmake_export_dependencies-extras.cmake
-- Installing: /home/andnetdeboer/baxter_bridge/host_ws/install/baxter_maintenance_msgs/share/baxter_maintenance_msgs/cmake/ament_cmake_export_include_directories-extras.cmake
-- Installing: /home/andnetdeboer/baxter_bridge/host_ws/install/baxter_maintenance_msgs/share/baxter_maintenance_msgs/cmake/ament_cmake_export_libraries-extras.cmake
-- Installing: /home/andnetdeboer/baxter_bridge/host_ws/install/baxter_maintenance_msgs/share/baxter_maintenance_msgs/cmake/ament_cmake_export_targets-extras.cmake
-- Installing: /home/andnetdeboer/baxter_bridge/host_ws/install/baxter_maintenance_msgs/share/baxter_maintenance_msgs/cmake/rosidl_cmake_export_typesupport_targets-extras.cmake
-- Installing: /home/andnetdeboer/baxter_bridge/host_ws/install/baxter_maintenance_msgs/share/baxter_maintenance_msgs/cmake/rosidl_cmake_export_typesupport_libraries-extras.cmake
-- Installing: /home/andnetdeboer/baxter_bridge/host_ws/install/baxter_maintenance_msgs/share/baxter_maintenance_msgs/cmake/baxter_maintenance_msgsConfig.cmake
-- Installing: /home/andnetdeboer/baxter_bridge/host_ws/install/baxter_maintenance_msgs/share/baxter_maintenance_msgs/cmake/baxter_maintenance_msgsConfig-version.cmake
-- Installing: /home/andnetdeboer/baxter_bridge/host_ws/install/baxter_maintenance_msgs/share/baxter_maintenance_msgs/package.xml
