[0.008s] Invoking command in '/home/andnetdeboer/baxter_bridge/host_ws/build/baxter_maintenance_msgs': CMAKE_PREFIX_PATH=${CMAKE_PREFIX_PATH}:/opt/ros/kilted DEBUGINFOD_URLS=https://debuginfod.ubuntu.com /usr/bin/cmake /home/andnetdeboer/baxter_bridge/host_ws/src/baxter_maintenance_msgs -DCMAKE_INSTALL_PREFIX=/home/andnetdeboer/baxter_bridge/host_ws/install/baxter_maintenance_msgs
[0.198s] -- The C compiler identification is GNU 14.0.1
[0.352s] -- The CXX compiler identification is GNU 14.0.1
[0.372s] -- Detecting C compiler ABI info
[0.489s] -- Detecting C compiler ABI info - done
[0.501s] -- Check for working C compiler: /usr/bin/cc - skipped
[0.501s] -- Detecting C compile features
[0.502s] -- Detecting C compile features - done
[0.512s] -- Detecting CXX compiler ABI info
[0.629s] -- Detecting CXX compiler ABI info - done
[0.643s] -- Check for working CXX compiler: /usr/bin/c++ - skipped
[0.643s] -- Detecting CXX compile features
[0.643s] -- Detecting CXX compile features - done
[0.653s] -- Found ament_cmake: 2.7.5 (/opt/ros/kilted/share/ament_cmake/cmake)
[0.790s] -- Found Python3: /usr/bin/python3 (found version "3.12.3") found components: Interpreter 
[0.891s] -- Found rosidl_default_generators: 1.7.2 (/opt/ros/kilted/share/rosidl_default_generators/cmake)
[0.897s] -- Using all available rosidl_typesupport_c: rosidl_typesupport_fastrtps_c;rosidl_typesupport_introspection_c
[0.942s] -- Using all available rosidl_typesupport_cpp: rosidl_typesupport_fastrtps_cpp;rosidl_typesupport_introspection_cpp
[0.989s] -- Found rosidl_adapter: 4.9.6 (/opt/ros/kilted/share/rosidl_adapter/cmake)
[0.993s] -- Found builtin_interfaces: 2.3.1 (/opt/ros/kilted/share/builtin_interfaces/cmake)
[1.008s] -- Found std_msgs: 5.5.2 (/opt/ros/kilted/share/std_msgs/cmake)
[1.023s] -- Found geometry_msgs: 5.5.2 (/opt/ros/kilted/share/geometry_msgs/cmake)
[1.037s] -- Found sensor_msgs: 5.5.2 (/opt/ros/kilted/share/sensor_msgs/cmake)
[1.705s] -- Found ament_cmake_ros_core: 0.14.7 (/opt/ros/kilted/share/ament_cmake_ros_core/cmake)
[2.244s] -- Using all available rosidl_typesupport_c: rosidl_typesupport_fastrtps_c;rosidl_typesupport_introspection_c
[2.868s] -- Using all available rosidl_typesupport_cpp: rosidl_typesupport_fastrtps_cpp;rosidl_typesupport_introspection_cpp
[3.263s] -- Found Python3: /usr/bin/python3 (found version "3.12.3") found components: Interpreter Development NumPy Development.Module Development.Embed 
[3.370s] -- Found Python3: /usr/bin/python3 (found version "3.12.3") found components: Interpreter 
[3.374s] -- Found ament_lint_auto: 0.19.2 (/opt/ros/kilted/share/ament_lint_auto/cmake)
[3.412s] -- Added test 'copyright' to check source files copyright and LICENSE
[3.414s] -- Added test 'lint_cmake' to check CMake code style
[3.415s] -- Added test 'xmllint' to check XML markup files
[3.417s] -- Configuring done (3.4s)
[3.451s] -- Generating done (0.0s)
[3.460s] -- Build files have been written to: /home/andnetdeboer/baxter_bridge/host_ws/build/baxter_maintenance_msgs
[3.467s] Invoked command in '/home/andnetdeboer/baxter_bridge/host_ws/build/baxter_maintenance_msgs' returned '0': CMAKE_PREFIX_PATH=${CMAKE_PREFIX_PATH}:/opt/ros/kilted DEBUGINFOD_URLS=https://debuginfod.ubuntu.com /usr/bin/cmake /home/andnetdeboer/baxter_bridge/host_ws/src/baxter_maintenance_msgs -DCMAKE_INSTALL_PREFIX=/home/andnetdeboer/baxter_bridge/host_ws/install/baxter_maintenance_msgs
[3.469s] Invoking command in '/home/andnetdeboer/baxter_bridge/host_ws/build/baxter_maintenance_msgs': CMAKE_PREFIX_PATH=${CMAKE_PREFIX_PATH}:/opt/ros/kilted DEBUGINFOD_URLS=https://debuginfod.ubuntu.com /usr/bin/cmake --build /home/andnetdeboer/baxter_bridge/host_ws/build/baxter_maintenance_msgs -- -j22 -l22
[3.533s] [  1%] [34m[1mGenerating type hashes for ROS interfaces[0m
[3.534s] [  2%] [34m[1mGenerating Rust code for ROS interfaces[0m
[3.538s] [  2%] Built target ament_cmake_python_copy_baxter_maintenance_msgs
[3.753s] running egg_info
[3.754s] creating baxter_maintenance_msgs.egg-info
[3.757s] [  2%] Built target baxter_maintenance_msgs__rosidl_generator_type_description
[3.771s] [  3%] [34m[1mGenerating C code for ROS interfaces[0m
[3.775s] writing baxter_maintenance_msgs.egg-info/PKG-INFO
[3.775s] writing dependency_links to baxter_maintenance_msgs.egg-info/dependency_links.txt
[3.775s] writing top-level names to baxter_maintenance_msgs.egg-info/top_level.txt
[3.776s] writing manifest file 'baxter_maintenance_msgs.egg-info/SOURCES.txt'
[3.781s] [  3%] Built target baxter_maintenance_msgs__rs
[3.788s] [  4%] [34m[1mGenerating C++ code for ROS interfaces[0m
[3.842s] reading manifest file 'baxter_maintenance_msgs.egg-info/SOURCES.txt'
[3.842s] writing manifest file 'baxter_maintenance_msgs.egg-info/SOURCES.txt'
[3.871s] [  4%] Built target ament_cmake_python_build_baxter_maintenance_msgs_egg
[4.143s] [  4%] Built target baxter_maintenance_msgs__cpp
[4.253s] [  5%] [32mBuilding C object CMakeFiles/baxter_maintenance_msgs__rosidl_generator_c.dir/rosidl_generator_c/baxter_maintenance_msgs/msg/detail/calibrate_arm_data__description.c.o[0m
[4.254s] [  6%] [32mBuilding C object CMakeFiles/baxter_maintenance_msgs__rosidl_generator_c.dir/rosidl_generator_c/baxter_maintenance_msgs/msg/detail/calibrate_arm_enable__type_support.c.o[0m
[4.254s] [  7%] [32mBuilding C object CMakeFiles/baxter_maintenance_msgs__rosidl_generator_c.dir/rosidl_generator_c/baxter_maintenance_msgs/msg/detail/calibrate_arm_data__type_support.c.o[0m
[4.254s] [  8%] [32mBuilding C object CMakeFiles/baxter_maintenance_msgs__rosidl_generator_c.dir/rosidl_generator_c/baxter_maintenance_msgs/msg/detail/calibrate_arm_data__functions.c.o[0m
[4.254s] [  9%] [32mBuilding C object CMakeFiles/baxter_maintenance_msgs__rosidl_generator_c.dir/rosidl_generator_c/baxter_maintenance_msgs/msg/detail/calibrate_arm_enable__description.c.o[0m
[4.255s] [ 10%] [32mBuilding C object CMakeFiles/baxter_maintenance_msgs__rosidl_generator_c.dir/rosidl_generator_c/baxter_maintenance_msgs/msg/detail/calibrate_arm_enable__functions.c.o[0m
[4.256s] [ 11%] [32mBuilding C object CMakeFiles/baxter_maintenance_msgs__rosidl_generator_c.dir/rosidl_generator_c/baxter_maintenance_msgs/msg/detail/tare_data__description.c.o[0m
[4.256s] [ 12%] [32mBuilding C object CMakeFiles/baxter_maintenance_msgs__rosidl_generator_c.dir/rosidl_generator_c/baxter_maintenance_msgs/msg/detail/tare_data__functions.c.o[0m
[4.256s] [ 13%] [32mBuilding C object CMakeFiles/baxter_maintenance_msgs__rosidl_generator_c.dir/rosidl_generator_c/baxter_maintenance_msgs/msg/detail/tare_data__type_support.c.o[0m
[4.256s] [ 15%] [32mBuilding C object CMakeFiles/baxter_maintenance_msgs__rosidl_generator_c.dir/rosidl_generator_c/baxter_maintenance_msgs/msg/detail/tare_enable__type_support.c.o[0m
[4.257s] [ 18%] [32mBuilding C object CMakeFiles/baxter_maintenance_msgs__rosidl_generator_c.dir/rosidl_generator_c/baxter_maintenance_msgs/msg/detail/update_sources__description.c.o[0m
[4.257s] [ 18%] [32mBuilding C object CMakeFiles/baxter_maintenance_msgs__rosidl_generator_c.dir/rosidl_generator_c/baxter_maintenance_msgs/msg/detail/tare_enable__description.c.o[0m
[4.257s] [ 15%] [32mBuilding C object CMakeFiles/baxter_maintenance_msgs__rosidl_generator_c.dir/rosidl_generator_c/baxter_maintenance_msgs/msg/detail/update_source__functions.c.o[0m
[4.257s] [ 18%] [32mBuilding C object CMakeFiles/baxter_maintenance_msgs__rosidl_generator_c.dir/rosidl_generator_c/baxter_maintenance_msgs/msg/detail/tare_enable__functions.c.o[0m
[4.257s] [ 20%] [32mBuilding C object CMakeFiles/baxter_maintenance_msgs__rosidl_generator_c.dir/rosidl_generator_c/baxter_maintenance_msgs/msg/detail/update_source__type_support.c.o[0m
[4.261s] [ 21%] [32mBuilding C object CMakeFiles/baxter_maintenance_msgs__rosidl_generator_c.dir/rosidl_generator_c/baxter_maintenance_msgs/msg/detail/update_sources__functions.c.o[0m
[4.261s] [ 22%] [32mBuilding C object CMakeFiles/baxter_maintenance_msgs__rosidl_generator_c.dir/rosidl_generator_c/baxter_maintenance_msgs/msg/detail/update_sources__type_support.c.o[0m
[4.261s] [ 23%] [32mBuilding C object CMakeFiles/baxter_maintenance_msgs__rosidl_generator_c.dir/rosidl_generator_c/baxter_maintenance_msgs/msg/detail/update_source__description.c.o[0m
[4.266s] [ 25%] [32mBuilding C object CMakeFiles/baxter_maintenance_msgs__rosidl_generator_c.dir/rosidl_generator_c/baxter_maintenance_msgs/msg/detail/update_status__description.c.o[0m
[4.266s] [ 25%] [32mBuilding C object CMakeFiles/baxter_maintenance_msgs__rosidl_generator_c.dir/rosidl_generator_c/baxter_maintenance_msgs/msg/detail/update_status__functions.c.o[0m
[4.273s] [ 26%] [32mBuilding C object CMakeFiles/baxter_maintenance_msgs__rosidl_generator_c.dir/rosidl_generator_c/baxter_maintenance_msgs/msg/detail/update_status__type_support.c.o[0m
[4.350s] [ 27%] [32m[1mLinking C shared library libbaxter_maintenance_msgs__rosidl_generator_c.so[0m
[4.394s] [ 27%] Built target baxter_maintenance_msgs__rosidl_generator_c
[4.406s] [ 28%] [34m[1mGenerating C introspection for ROS interfaces[0m
[4.407s] [ 29%] [34m[1mGenerating C++ type support dispatch for ROS interfaces[0m
[4.407s] [ 30%] [34m[1mGenerating C type support dispatch for ROS interfaces[0m
[4.409s] [ 31%] [34m[1mGenerating C type support for eProsima Fast-RTPS[0m
[4.409s] [ 32%] [34m[1mGenerating C++ introspection for ROS interfaces[0m
[4.409s] [ 33%] [34m[1mGenerating C++ type support for eProsima Fast-RTPS[0m
[4.685s] [ 34%] [32mBuilding CXX object CMakeFiles/baxter_maintenance_msgs__rosidl_typesupport_cpp.dir/rosidl_typesupport_cpp/baxter_maintenance_msgs/msg/tare_data__type_support.cpp.o[0m
[4.686s] [ 35%] [32mBuilding CXX object CMakeFiles/baxter_maintenance_msgs__rosidl_typesupport_cpp.dir/rosidl_typesupport_cpp/baxter_maintenance_msgs/msg/calibrate_arm_data__type_support.cpp.o[0m
[4.686s] [ 37%] [32mBuilding CXX object CMakeFiles/baxter_maintenance_msgs__rosidl_typesupport_c.dir/rosidl_typesupport_c/baxter_maintenance_msgs/msg/calibrate_arm_data__type_support.cpp.o[0m
[4.687s] [ 37%] [32mBuilding CXX object CMakeFiles/baxter_maintenance_msgs__rosidl_typesupport_c.dir/rosidl_typesupport_c/baxter_maintenance_msgs/msg/calibrate_arm_enable__type_support.cpp.o[0m
[4.687s] [ 38%] [32mBuilding CXX object CMakeFiles/baxter_maintenance_msgs__rosidl_typesupport_c.dir/rosidl_typesupport_c/baxter_maintenance_msgs/msg/tare_data__type_support.cpp.o[0m
[4.687s] [ 40%] [32mBuilding CXX object CMakeFiles/baxter_maintenance_msgs__rosidl_typesupport_c.dir/rosidl_typesupport_c/baxter_maintenance_msgs/msg/tare_enable__type_support.cpp.o[0m
[4.687s] [ 41%] [32mBuilding CXX object CMakeFiles/baxter_maintenance_msgs__rosidl_typesupport_cpp.dir/rosidl_typesupport_cpp/baxter_maintenance_msgs/msg/calibrate_arm_enable__type_support.cpp.o[0m
[4.689s] [ 42%] [32mBuilding CXX object CMakeFiles/baxter_maintenance_msgs__rosidl_typesupport_cpp.dir/rosidl_typesupport_cpp/baxter_maintenance_msgs/msg/update_source__type_support.cpp.o[0m
[4.689s] [ 43%] [32mBuilding CXX object CMakeFiles/baxter_maintenance_msgs__rosidl_typesupport_cpp.dir/rosidl_typesupport_cpp/baxter_maintenance_msgs/msg/tare_enable__type_support.cpp.o[0m
[4.689s] [ 44%] [32mBuilding CXX object CMakeFiles/baxter_maintenance_msgs__rosidl_typesupport_c.dir/rosidl_typesupport_c/baxter_maintenance_msgs/msg/update_sources__type_support.cpp.o[0m
[4.689s] [ 45%] [32mBuilding CXX object CMakeFiles/baxter_maintenance_msgs__rosidl_typesupport_c.dir/rosidl_typesupport_c/baxter_maintenance_msgs/msg/update_status__type_support.cpp.o[0m
[4.689s] [ 46%] [32mBuilding CXX object CMakeFiles/baxter_maintenance_msgs__rosidl_typesupport_cpp.dir/rosidl_typesupport_cpp/baxter_maintenance_msgs/msg/update_sources__type_support.cpp.o[0m
[4.694s] [ 47%] [32mBuilding CXX object CMakeFiles/baxter_maintenance_msgs__rosidl_typesupport_cpp.dir/rosidl_typesupport_cpp/baxter_maintenance_msgs/msg/update_status__type_support.cpp.o[0m
[4.694s] [ 48%] [32mBuilding CXX object CMakeFiles/baxter_maintenance_msgs__rosidl_typesupport_c.dir/rosidl_typesupport_c/baxter_maintenance_msgs/msg/update_source__type_support.cpp.o[0m
[4.765s] [ 49%] [32m[1mLinking CXX shared library libbaxter_maintenance_msgs__rosidl_typesupport_c.so[0m
[4.774s] [ 50%] [32mBuilding C object CMakeFiles/baxter_maintenance_msgs__rosidl_typesupport_introspection_c.dir/rosidl_typesupport_introspection_c/baxter_maintenance_msgs/msg/detail/update_status__type_support.c.o[0m
[4.775s] [ 51%] [32mBuilding C object CMakeFiles/baxter_maintenance_msgs__rosidl_typesupport_introspection_c.dir/rosidl_typesupport_introspection_c/baxter_maintenance_msgs/msg/detail/calibrate_arm_enable__type_support.c.o[0m
[4.776s] [ 52%] [32mBuilding C object CMakeFiles/baxter_maintenance_msgs__rosidl_typesupport_introspection_c.dir/rosidl_typesupport_introspection_c/baxter_maintenance_msgs/msg/detail/calibrate_arm_data__type_support.c.o[0m
[4.777s] [ 53%] [32mBuilding C object CMakeFiles/baxter_maintenance_msgs__rosidl_typesupport_introspection_c.dir/rosidl_typesupport_introspection_c/baxter_maintenance_msgs/msg/detail/tare_data__type_support.c.o[0m
[4.777s] [ 54%] [32mBuilding C object CMakeFiles/baxter_maintenance_msgs__rosidl_typesupport_introspection_c.dir/rosidl_typesupport_introspection_c/baxter_maintenance_msgs/msg/detail/update_sources__type_support.c.o[0m
[4.777s] [ 55%] [32mBuilding C object CMakeFiles/baxter_maintenance_msgs__rosidl_typesupport_introspection_c.dir/rosidl_typesupport_introspection_c/baxter_maintenance_msgs/msg/detail/update_source__type_support.c.o[0m
[4.778s] [ 56%] [32mBuilding C object CMakeFiles/baxter_maintenance_msgs__rosidl_typesupport_introspection_c.dir/rosidl_typesupport_introspection_c/baxter_maintenance_msgs/msg/detail/tare_enable__type_support.c.o[0m
[4.788s] [ 57%] [32mBuilding CXX object CMakeFiles/baxter_maintenance_msgs__rosidl_typesupport_introspection_cpp.dir/rosidl_typesupport_introspection_cpp/baxter_maintenance_msgs/msg/detail/tare_enable__type_support.cpp.o[0m
[4.788s] [ 58%] [32mBuilding CXX object CMakeFiles/baxter_maintenance_msgs__rosidl_typesupport_introspection_cpp.dir/rosidl_typesupport_introspection_cpp/baxter_maintenance_msgs/msg/detail/update_source__type_support.cpp.o[0m
[4.790s] [ 60%] [32mBuilding CXX object CMakeFiles/baxter_maintenance_msgs__rosidl_typesupport_introspection_cpp.dir/rosidl_typesupport_introspection_cpp/baxter_maintenance_msgs/msg/detail/tare_data__type_support.cpp.o[0m
[4.796s] [ 62%] [32mBuilding CXX object CMakeFiles/baxter_maintenance_msgs__rosidl_typesupport_introspection_cpp.dir/rosidl_typesupport_introspection_cpp/baxter_maintenance_msgs/msg/detail/calibrate_arm_enable__type_support.cpp.o[0m
[4.796s] [ 61%] [32mBuilding CXX object CMakeFiles/baxter_maintenance_msgs__rosidl_typesupport_introspection_cpp.dir/rosidl_typesupport_introspection_cpp/baxter_maintenance_msgs/msg/detail/calibrate_arm_data__type_support.cpp.o[0m
[4.827s] [ 62%] Built target baxter_maintenance_msgs__rosidl_typesupport_c
[4.833s] [ 64%] [32mBuilding CXX object CMakeFiles/baxter_maintenance_msgs__rosidl_typesupport_introspection_cpp.dir/rosidl_typesupport_introspection_cpp/baxter_maintenance_msgs/msg/detail/update_sources__type_support.cpp.o[0m
[4.833s] [ 64%] [32mBuilding CXX object CMakeFiles/baxter_maintenance_msgs__rosidl_typesupport_introspection_cpp.dir/rosidl_typesupport_introspection_cpp/baxter_maintenance_msgs/msg/detail/update_status__type_support.cpp.o[0m
[4.846s] [ 65%] [32m[1mLinking C shared library libbaxter_maintenance_msgs__rosidl_typesupport_introspection_c.so[0m
[4.906s] [ 65%] Built target baxter_maintenance_msgs__rosidl_typesupport_introspection_c
[4.930s] [ 66%] [32mBuilding CXX object CMakeFiles/baxter_maintenance_msgs__rosidl_typesupport_fastrtps_cpp.dir/rosidl_typesupport_fastrtps_cpp/baxter_maintenance_msgs/msg/detail/dds_fastrtps/tare_enable__type_support.cpp.o[0m
[4.930s] [ 68%] [32mBuilding CXX object CMakeFiles/baxter_maintenance_msgs__rosidl_typesupport_fastrtps_cpp.dir/rosidl_typesupport_fastrtps_cpp/baxter_maintenance_msgs/msg/detail/dds_fastrtps/tare_data__type_support.cpp.o[0m
[4.930s] [ 68%] [32mBuilding CXX object CMakeFiles/baxter_maintenance_msgs__rosidl_typesupport_fastrtps_cpp.dir/rosidl_typesupport_fastrtps_cpp/baxter_maintenance_msgs/msg/detail/dds_fastrtps/update_source__type_support.cpp.o[0m
[4.936s] [ 69%] [32mBuilding CXX object CMakeFiles/baxter_maintenance_msgs__rosidl_typesupport_fastrtps_cpp.dir/rosidl_typesupport_fastrtps_cpp/baxter_maintenance_msgs/msg/detail/dds_fastrtps/calibrate_arm_data__type_support.cpp.o[0m
[4.936s] [ 71%] [32mBuilding CXX object CMakeFiles/baxter_maintenance_msgs__rosidl_typesupport_fastrtps_cpp.dir/rosidl_typesupport_fastrtps_cpp/baxter_maintenance_msgs/msg/detail/dds_fastrtps/update_status__type_support.cpp.o[0m
[4.937s] [ 70%] [32mBuilding CXX object CMakeFiles/baxter_maintenance_msgs__rosidl_typesupport_fastrtps_cpp.dir/rosidl_typesupport_fastrtps_cpp/baxter_maintenance_msgs/msg/detail/dds_fastrtps/update_sources__type_support.cpp.o[0m
[4.937s] [ 72%] [32mBuilding CXX object CMakeFiles/baxter_maintenance_msgs__rosidl_typesupport_fastrtps_cpp.dir/rosidl_typesupport_fastrtps_cpp/baxter_maintenance_msgs/msg/detail/dds_fastrtps/calibrate_arm_enable__type_support.cpp.o[0m
[5.422s] [ 73%] [32mBuilding CXX object CMakeFiles/baxter_maintenance_msgs__rosidl_typesupport_fastrtps_c.dir/rosidl_typesupport_fastrtps_c/baxter_maintenance_msgs/msg/detail/calibrate_arm_data__type_support_c.cpp.o[0m
[5.454s] [ 74%] [32mBuilding CXX object CMakeFiles/baxter_maintenance_msgs__rosidl_typesupport_fastrtps_c.dir/rosidl_typesupport_fastrtps_c/baxter_maintenance_msgs/msg/detail/calibrate_arm_enable__type_support_c.cpp.o[0m
[5.518s] [ 75%] [32mBuilding CXX object CMakeFiles/baxter_maintenance_msgs__rosidl_typesupport_fastrtps_c.dir/rosidl_typesupport_fastrtps_c/baxter_maintenance_msgs/msg/detail/update_source__type_support_c.cpp.o[0m
[5.525s] [ 76%] [32mBuilding CXX object CMakeFiles/baxter_maintenance_msgs__rosidl_typesupport_fastrtps_c.dir/rosidl_typesupport_fastrtps_c/baxter_maintenance_msgs/msg/detail/update_sources__type_support_c.cpp.o[0m
[5.530s] [ 77%] [32mBuilding CXX object CMakeFiles/baxter_maintenance_msgs__rosidl_typesupport_fastrtps_c.dir/rosidl_typesupport_fastrtps_c/baxter_maintenance_msgs/msg/detail/tare_data__type_support_c.cpp.o[0m
[5.542s] [ 78%] [32mBuilding CXX object CMakeFiles/baxter_maintenance_msgs__rosidl_typesupport_fastrtps_c.dir/rosidl_typesupport_fastrtps_c/baxter_maintenance_msgs/msg/detail/update_status__type_support_c.cpp.o[0m
[5.546s] [ 80%] [32mBuilding CXX object CMakeFiles/baxter_maintenance_msgs__rosidl_typesupport_fastrtps_c.dir/rosidl_typesupport_fastrtps_c/baxter_maintenance_msgs/msg/detail/tare_enable__type_support_c.cpp.o[0m
[5.745s] [ 81%] [32m[1mLinking CXX shared library libbaxter_maintenance_msgs__rosidl_typesupport_introspection_cpp.so[0m
[5.820s] [ 81%] Built target baxter_maintenance_msgs__rosidl_typesupport_introspection_cpp
[5.991s] [ 82%] [32m[1mLinking CXX shared library libbaxter_maintenance_msgs__rosidl_typesupport_cpp.so[0m
[6.039s] [ 82%] Built target baxter_maintenance_msgs__rosidl_typesupport_cpp
[6.437s] [ 83%] [32m[1mLinking CXX shared library libbaxter_maintenance_msgs__rosidl_typesupport_fastrtps_cpp.so[0m
[6.517s] [ 83%] Built target baxter_maintenance_msgs__rosidl_typesupport_fastrtps_cpp
[6.563s] [ 84%] [32m[1mLinking CXX shared library libbaxter_maintenance_msgs__rosidl_typesupport_fastrtps_c.so[0m
[6.632s] [ 84%] Built target baxter_maintenance_msgs__rosidl_typesupport_fastrtps_c
[6.662s] [ 84%] Built target baxter_maintenance_msgs
[6.696s] [ 85%] [34m[1mGenerating Python code for ROS interfaces[0m
[7.394s] [ 85%] Built target baxter_maintenance_msgs__py
[7.418s] [ 86%] [32mBuilding C object CMakeFiles/baxter_maintenance_msgs__rosidl_generator_py.dir/rosidl_generator_py/baxter_maintenance_msgs/msg/_update_source_s.c.o[0m
[7.419s] [ 87%] [32mBuilding C object CMakeFiles/baxter_maintenance_msgs__rosidl_generator_py.dir/rosidl_generator_py/baxter_maintenance_msgs/msg/_calibrate_arm_enable_s.c.o[0m
[7.419s] [ 88%] [32mBuilding C object CMakeFiles/baxter_maintenance_msgs__rosidl_generator_py.dir/rosidl_generator_py/baxter_maintenance_msgs/msg/_calibrate_arm_data_s.c.o[0m
[7.419s] [ 89%] [32mBuilding C object CMakeFiles/baxter_maintenance_msgs__rosidl_generator_py.dir/rosidl_generator_py/baxter_maintenance_msgs/msg/_update_status_s.c.o[0m
[7.419s] [ 90%] [32mBuilding C object CMakeFiles/baxter_maintenance_msgs__rosidl_generator_py.dir/rosidl_generator_py/baxter_maintenance_msgs/msg/_tare_enable_s.c.o[0m
[7.419s] [ 91%] [32mBuilding C object CMakeFiles/baxter_maintenance_msgs__rosidl_generator_py.dir/rosidl_generator_py/baxter_maintenance_msgs/msg/_update_sources_s.c.o[0m
[7.420s] [ 92%] [32mBuilding C object CMakeFiles/baxter_maintenance_msgs__rosidl_generator_py.dir/rosidl_generator_py/baxter_maintenance_msgs/msg/_tare_data_s.c.o[0m
[7.680s] [ 93%] [32m[1mLinking C shared library libbaxter_maintenance_msgs__rosidl_generator_py.so[0m
[7.757s] [ 93%] Built target baxter_maintenance_msgs__rosidl_generator_py
[7.789s] [ 94%] [32mBuilding C object CMakeFiles/baxter_maintenance_msgs_s__rosidl_typesupport_fastrtps_c.dir/rosidl_generator_py/baxter_maintenance_msgs/_baxter_maintenance_msgs_s.ep.rosidl_typesupport_fastrtps_c.c.o[0m
[7.789s] [ 96%] [32mBuilding C object CMakeFiles/baxter_maintenance_msgs_s__rosidl_typesupport_introspection_c.dir/rosidl_generator_py/baxter_maintenance_msgs/_baxter_maintenance_msgs_s.ep.rosidl_typesupport_introspection_c.c.o[0m
[7.790s] [ 96%] [32mBuilding C object CMakeFiles/baxter_maintenance_msgs_s__rosidl_typesupport_c.dir/rosidl_generator_py/baxter_maintenance_msgs/_baxter_maintenance_msgs_s.ep.rosidl_typesupport_c.c.o[0m
[8.010s] [100%] [32m[1mLinking C shared module rosidl_generator_py/baxter_maintenance_msgs/baxter_maintenance_msgs_s__rosidl_typesupport_introspection_c.so[0m
[8.010s] [100%] [32m[1mLinking C shared module rosidl_generator_py/baxter_maintenance_msgs/baxter_maintenance_msgs_s__rosidl_typesupport_c.so[0m
[8.010s] [100%] [32m[1mLinking C shared module rosidl_generator_py/baxter_maintenance_msgs/baxter_maintenance_msgs_s__rosidl_typesupport_fastrtps_c.so[0m
[8.049s] [100%] Built target baxter_maintenance_msgs_s__rosidl_typesupport_introspection_c
[8.051s] [100%] Built target baxter_maintenance_msgs_s__rosidl_typesupport_fastrtps_c
[8.051s] [100%] Built target baxter_maintenance_msgs_s__rosidl_typesupport_c
[8.066s] Invoked command in '/home/andnetdeboer/baxter_bridge/host_ws/build/baxter_maintenance_msgs' returned '0': CMAKE_PREFIX_PATH=${CMAKE_PREFIX_PATH}:/opt/ros/kilted DEBUGINFOD_URLS=https://debuginfod.ubuntu.com /usr/bin/cmake --build /home/andnetdeboer/baxter_bridge/host_ws/build/baxter_maintenance_msgs -- -j22 -l22
[8.078s] Invoking command in '/home/andnetdeboer/baxter_bridge/host_ws/build/baxter_maintenance_msgs': CMAKE_PREFIX_PATH=${CMAKE_PREFIX_PATH}:/opt/ros/kilted DEBUGINFOD_URLS=https://debuginfod.ubuntu.com /usr/bin/cmake --install /home/andnetdeboer/baxter_bridge/host_ws/build/baxter_maintenance_msgs
[8.088s] -- Install configuration: ""
[8.088s] -- Installing: /home/andnetdeboer/baxter_bridge/host_ws/install/baxter_maintenance_msgs/share/ament_index/resource_index/rosidl_interfaces/baxter_maintenance_msgs
[8.089s] -- Installing: /home/andnetdeboer/baxter_bridge/host_ws/install/baxter_maintenance_msgs/share/baxter_maintenance_msgs/msg/CalibrateArmData.json
[8.089s] -- Installing: /home/andnetdeboer/baxter_bridge/host_ws/install/baxter_maintenance_msgs/share/baxter_maintenance_msgs/msg/CalibrateArmEnable.json
[8.089s] -- Installing: /home/andnetdeboer/baxter_bridge/host_ws/install/baxter_maintenance_msgs/share/baxter_maintenance_msgs/msg/TareData.json
[8.089s] -- Installing: /home/andnetdeboer/baxter_bridge/host_ws/install/baxter_maintenance_msgs/share/baxter_maintenance_msgs/msg/TareEnable.json
[8.089s] -- Installing: /home/andnetdeboer/baxter_bridge/host_ws/install/baxter_maintenance_msgs/share/baxter_maintenance_msgs/msg/UpdateSource.json
[8.090s] -- Installing: /home/andnetdeboer/baxter_bridge/host_ws/install/baxter_maintenance_msgs/share/baxter_maintenance_msgs/msg/UpdateSources.json
[8.090s] -- Installing: /home/andnetdeboer/baxter_bridge/host_ws/install/baxter_maintenance_msgs/share/baxter_maintenance_msgs/msg/UpdateStatus.json
[8.090s] -- Installing: /home/andnetdeboer/baxter_bridge/host_ws/install/baxter_maintenance_msgs/include/baxter_maintenance_msgs/baxter_maintenance_msgs
[8.091s] -- Installing: /home/andnetdeboer/baxter_bridge/host_ws/install/baxter_maintenance_msgs/include/baxter_maintenance_msgs/baxter_maintenance_msgs/msg
[8.091s] -- Installing: /home/andnetdeboer/baxter_bridge/host_ws/install/baxter_maintenance_msgs/include/baxter_maintenance_msgs/baxter_maintenance_msgs/msg/detail
[8.091s] -- Installing: /home/andnetdeboer/baxter_bridge/host_ws/install/baxter_maintenance_msgs/include/baxter_maintenance_msgs/baxter_maintenance_msgs/msg/detail/update_sources__functions.h
[8.091s] -- Installing: /home/andnetdeboer/baxter_bridge/host_ws/install/baxter_maintenance_msgs/include/baxter_maintenance_msgs/baxter_maintenance_msgs/msg/detail/update_status__struct.h
[8.091s] -- Installing: /home/andnetdeboer/baxter_bridge/host_ws/install/baxter_maintenance_msgs/include/baxter_maintenance_msgs/baxter_maintenance_msgs/msg/detail/update_sources__description.c
[8.091s] -- Installing: /home/andnetdeboer/baxter_bridge/host_ws/install/baxter_maintenance_msgs/include/baxter_maintenance_msgs/baxter_maintenance_msgs/msg/detail/tare_enable__type_support.c
[8.091s] -- Installing: /home/andnetdeboer/baxter_bridge/host_ws/install/baxter_maintenance_msgs/include/baxter_maintenance_msgs/baxter_maintenance_msgs/msg/detail/tare_data__description.c
[8.091s] -- Installing: /home/andnetdeboer/baxter_bridge/host_ws/install/baxter_maintenance_msgs/include/baxter_maintenance_msgs/baxter_maintenance_msgs/msg/detail/calibrate_arm_data__description.c
[8.091s] -- Installing: /home/andnetdeboer/baxter_bridge/host_ws/install/baxter_maintenance_msgs/include/baxter_maintenance_msgs/baxter_maintenance_msgs/msg/detail/update_source__type_support.c
[8.091s] -- Installing: /home/andnetdeboer/baxter_bridge/host_ws/install/baxter_maintenance_msgs/include/baxter_maintenance_msgs/baxter_maintenance_msgs/msg/detail/update_source__type_support.h
[8.092s] -- Installing: /home/andnetdeboer/baxter_bridge/host_ws/install/baxter_maintenance_msgs/include/baxter_maintenance_msgs/baxter_maintenance_msgs/msg/detail/update_source__description.c
[8.092s] -- Installing: /home/andnetdeboer/baxter_bridge/host_ws/install/baxter_maintenance_msgs/include/baxter_maintenance_msgs/baxter_maintenance_msgs/msg/detail/update_status__type_support.h
[8.092s] -- Installing: /home/andnetdeboer/baxter_bridge/host_ws/install/baxter_maintenance_msgs/include/baxter_maintenance_msgs/baxter_maintenance_msgs/msg/detail/tare_enable__functions.c
[8.092s] -- Installing: /home/andnetdeboer/baxter_bridge/host_ws/install/baxter_maintenance_msgs/include/baxter_maintenance_msgs/baxter_maintenance_msgs/msg/detail/update_status__description.c
[8.092s] -- Installing: /home/andnetdeboer/baxter_bridge/host_ws/install/baxter_maintenance_msgs/include/baxter_maintenance_msgs/baxter_maintenance_msgs/msg/detail/update_sources__functions.c
[8.092s] -- Installing: /home/andnetdeboer/baxter_bridge/host_ws/install/baxter_maintenance_msgs/include/baxter_maintenance_msgs/baxter_maintenance_msgs/msg/detail/tare_data__struct.h
[8.092s] -- Installing: /home/andnetdeboer/baxter_bridge/host_ws/install/baxter_maintenance_msgs/include/baxter_maintenance_msgs/baxter_maintenance_msgs/msg/detail/tare_enable__functions.h
[8.092s] -- Installing: /home/andnetdeboer/baxter_bridge/host_ws/install/baxter_maintenance_msgs/include/baxter_maintenance_msgs/baxter_maintenance_msgs/msg/detail/update_status__type_support.c
[8.092s] -- Installing: /home/andnetdeboer/baxter_bridge/host_ws/install/baxter_maintenance_msgs/include/baxter_maintenance_msgs/baxter_maintenance_msgs/msg/detail/calibrate_arm_enable__description.c
[8.092s] -- Installing: /home/andnetdeboer/baxter_bridge/host_ws/install/baxter_maintenance_msgs/include/baxter_maintenance_msgs/baxter_maintenance_msgs/msg/detail/tare_data__functions.h
[8.092s] -- Installing: /home/andnetdeboer/baxter_bridge/host_ws/install/baxter_maintenance_msgs/include/baxter_maintenance_msgs/baxter_maintenance_msgs/msg/detail/tare_data__type_support.h
[8.092s] -- Installing: /home/andnetdeboer/baxter_bridge/host_ws/install/baxter_maintenance_msgs/include/baxter_maintenance_msgs/baxter_maintenance_msgs/msg/detail/tare_data__functions.c
[8.093s] -- Installing: /home/andnetdeboer/baxter_bridge/host_ws/install/baxter_maintenance_msgs/include/baxter_maintenance_msgs/baxter_maintenance_msgs/msg/detail/calibrate_arm_data__struct.h
[8.093s] -- Installing: /home/andnetdeboer/baxter_bridge/host_ws/install/baxter_maintenance_msgs/include/baxter_maintenance_msgs/baxter_maintenance_msgs/msg/detail/update_status__functions.c
[8.093s] -- Installing: /home/andnetdeboer/baxter_bridge/host_ws/install/baxter_maintenance_msgs/include/baxter_maintenance_msgs/baxter_maintenance_msgs/msg/detail/calibrate_arm_data__functions.c
[8.093s] -- Installing: /home/andnetdeboer/baxter_bridge/host_ws/install/baxter_maintenance_msgs/include/baxter_maintenance_msgs/baxter_maintenance_msgs/msg/detail/update_source__functions.c
[8.093s] -- Installing: /home/andnetdeboer/baxter_bridge/host_ws/install/baxter_maintenance_msgs/include/baxter_maintenance_msgs/baxter_maintenance_msgs/msg/detail/update_sources__struct.h
[8.093s] -- Installing: /home/andnetdeboer/baxter_bridge/host_ws/install/baxter_maintenance_msgs/include/baxter_maintenance_msgs/baxter_maintenance_msgs/msg/detail/calibrate_arm_data__type_support.h
[8.093s] -- Installing: /home/andnetdeboer/baxter_bridge/host_ws/install/baxter_maintenance_msgs/include/baxter_maintenance_msgs/baxter_maintenance_msgs/msg/detail/tare_data__type_support.c
[8.093s] -- Installing: /home/andnetdeboer/baxter_bridge/host_ws/install/baxter_maintenance_msgs/include/baxter_maintenance_msgs/baxter_maintenance_msgs/msg/detail/tare_enable__struct.h
[8.093s] -- Installing: /home/andnetdeboer/baxter_bridge/host_ws/install/baxter_maintenance_msgs/include/baxter_maintenance_msgs/baxter_maintenance_msgs/msg/detail/update_sources__type_support.c
[8.093s] -- Installing: /home/andnetdeboer/baxter_bridge/host_ws/install/baxter_maintenance_msgs/include/baxter_maintenance_msgs/baxter_maintenance_msgs/msg/detail/update_status__functions.h
[8.093s] -- Installing: /home/andnetdeboer/baxter_bridge/host_ws/install/baxter_maintenance_msgs/include/baxter_maintenance_msgs/baxter_maintenance_msgs/msg/detail/calibrate_arm_data__type_support.c
[8.093s] -- Installing: /home/andnetdeboer/baxter_bridge/host_ws/install/baxter_maintenance_msgs/include/baxter_maintenance_msgs/baxter_maintenance_msgs/msg/detail/calibrate_arm_data__functions.h
[8.094s] -- Installing: /home/andnetdeboer/baxter_bridge/host_ws/install/baxter_maintenance_msgs/include/baxter_maintenance_msgs/baxter_maintenance_msgs/msg/detail/calibrate_arm_enable__struct.h
[8.094s] -- Installing: /home/andnetdeboer/baxter_bridge/host_ws/install/baxter_maintenance_msgs/include/baxter_maintenance_msgs/baxter_maintenance_msgs/msg/detail/update_source__functions.h
[8.094s] -- Installing: /home/andnetdeboer/baxter_bridge/host_ws/install/baxter_maintenance_msgs/include/baxter_maintenance_msgs/baxter_maintenance_msgs/msg/detail/calibrate_arm_enable__functions.c
[8.094s] -- Installing: /home/andnetdeboer/baxter_bridge/host_ws/install/baxter_maintenance_msgs/include/baxter_maintenance_msgs/baxter_maintenance_msgs/msg/detail/calibrate_arm_enable__type_support.c
[8.094s] -- Installing: /home/andnetdeboer/baxter_bridge/host_ws/install/baxter_maintenance_msgs/include/baxter_maintenance_msgs/baxter_maintenance_msgs/msg/detail/calibrate_arm_enable__type_support.h
[8.094s] -- Installing: /home/andnetdeboer/baxter_bridge/host_ws/install/baxter_maintenance_msgs/include/baxter_maintenance_msgs/baxter_maintenance_msgs/msg/detail/tare_enable__description.c
[8.094s] -- Installing: /home/andnetdeboer/baxter_bridge/host_ws/install/baxter_maintenance_msgs/include/baxter_maintenance_msgs/baxter_maintenance_msgs/msg/detail/tare_enable__type_support.h
[8.094s] -- Installing: /home/andnetdeboer/baxter_bridge/host_ws/install/baxter_maintenance_msgs/include/baxter_maintenance_msgs/baxter_maintenance_msgs/msg/detail/calibrate_arm_enable__functions.h
[8.094s] -- Installing: /home/andnetdeboer/baxter_bridge/host_ws/install/baxter_maintenance_msgs/include/baxter_maintenance_msgs/baxter_maintenance_msgs/msg/detail/update_sources__type_support.h
[8.094s] -- Installing: /home/andnetdeboer/baxter_bridge/host_ws/install/baxter_maintenance_msgs/include/baxter_maintenance_msgs/baxter_maintenance_msgs/msg/detail/update_source__struct.h
[8.094s] -- Installing: /home/andnetdeboer/baxter_bridge/host_ws/install/baxter_maintenance_msgs/include/baxter_maintenance_msgs/baxter_maintenance_msgs/msg/update_sources.h
[8.094s] -- Installing: /home/andnetdeboer/baxter_bridge/host_ws/install/baxter_maintenance_msgs/include/baxter_maintenance_msgs/baxter_maintenance_msgs/msg/rosidl_generator_c__visibility_control.h
[8.094s] -- Installing: /home/andnetdeboer/baxter_bridge/host_ws/install/baxter_maintenance_msgs/include/baxter_maintenance_msgs/baxter_maintenance_msgs/msg/update_source.h
[8.094s] -- Installing: /home/andnetdeboer/baxter_bridge/host_ws/install/baxter_maintenance_msgs/include/baxter_maintenance_msgs/baxter_maintenance_msgs/msg/update_status.h
[8.095s] -- Installing: /home/andnetdeboer/baxter_bridge/host_ws/install/baxter_maintenance_msgs/include/baxter_maintenance_msgs/baxter_maintenance_msgs/msg/tare_data.h
[8.095s] -- Installing: /home/andnetdeboer/baxter_bridge/host_ws/install/baxter_maintenance_msgs/include/baxter_maintenance_msgs/baxter_maintenance_msgs/msg/calibrate_arm_enable.h
[8.095s] -- Installing: /home/andnetdeboer/baxter_bridge/host_ws/install/baxter_maintenance_msgs/include/baxter_maintenance_msgs/baxter_maintenance_msgs/msg/calibrate_arm_data.h
[8.095s] -- Installing: /home/andnetdeboer/baxter_bridge/host_ws/install/baxter_maintenance_msgs/include/baxter_maintenance_msgs/baxter_maintenance_msgs/msg/tare_enable.h
[8.095s] -- Installing: /home/andnetdeboer/baxter_bridge/host_ws/install/baxter_maintenance_msgs/share/baxter_maintenance_msgs/environment/library_path.sh
[8.095s] -- Installing: /home/andnetdeboer/baxter_bridge/host_ws/install/baxter_maintenance_msgs/share/baxter_maintenance_msgs/environment/library_path.dsv
[8.095s] -- Installing: /home/andnetdeboer/baxter_bridge/host_ws/install/baxter_maintenance_msgs/lib/libbaxter_maintenance_msgs__rosidl_generator_c.so
[8.095s] -- Set non-toolchain portion of runtime path of "/home/andnetdeboer/baxter_bridge/host_ws/install/baxter_maintenance_msgs/lib/libbaxter_maintenance_msgs__rosidl_generator_c.so" to ""
[8.095s] -- Up-to-date: /home/andnetdeboer/baxter_bridge/host_ws/install/baxter_maintenance_msgs/include/baxter_maintenance_msgs/baxter_maintenance_msgs
[8.095s] -- Up-to-date: /home/andnetdeboer/baxter_bridge/host_ws/install/baxter_maintenance_msgs/include/baxter_maintenance_msgs/baxter_maintenance_msgs/msg
[8.095s] -- Up-to-date: /home/andnetdeboer/baxter_bridge/host_ws/install/baxter_maintenance_msgs/include/baxter_maintenance_msgs/baxter_maintenance_msgs/msg/detail
[8.095s] -- Installing: /home/andnetdeboer/baxter_bridge/host_ws/install/baxter_maintenance_msgs/include/baxter_maintenance_msgs/baxter_maintenance_msgs/msg/detail/calibrate_arm_data__rosidl_typesupport_fastrtps_c.h
[8.095s] -- Installing: /home/andnetdeboer/baxter_bridge/host_ws/install/baxter_maintenance_msgs/include/baxter_maintenance_msgs/baxter_maintenance_msgs/msg/detail/update_sources__rosidl_typesupport_fastrtps_c.h
[8.095s] -- Installing: /home/andnetdeboer/baxter_bridge/host_ws/install/baxter_maintenance_msgs/include/baxter_maintenance_msgs/baxter_maintenance_msgs/msg/detail/update_status__rosidl_typesupport_fastrtps_c.h
[8.096s] -- Installing: /home/andnetdeboer/baxter_bridge/host_ws/install/baxter_maintenance_msgs/include/baxter_maintenance_msgs/baxter_maintenance_msgs/msg/detail/update_source__rosidl_typesupport_fastrtps_c.h
[8.096s] -- Installing: /home/andnetdeboer/baxter_bridge/host_ws/install/baxter_maintenance_msgs/include/baxter_maintenance_msgs/baxter_maintenance_msgs/msg/detail/calibrate_arm_enable__rosidl_typesupport_fastrtps_c.h
[8.096s] -- Installing: /home/andnetdeboer/baxter_bridge/host_ws/install/baxter_maintenance_msgs/include/baxter_maintenance_msgs/baxter_maintenance_msgs/msg/detail/tare_enable__rosidl_typesupport_fastrtps_c.h
[8.096s] -- Installing: /home/andnetdeboer/baxter_bridge/host_ws/install/baxter_maintenance_msgs/include/baxter_maintenance_msgs/baxter_maintenance_msgs/msg/detail/tare_data__rosidl_typesupport_fastrtps_c.h
[8.096s] -- Installing: /home/andnetdeboer/baxter_bridge/host_ws/install/baxter_maintenance_msgs/include/baxter_maintenance_msgs/baxter_maintenance_msgs/msg/rosidl_typesupport_fastrtps_c__visibility_control.h
[8.096s] -- Installing: /home/andnetdeboer/baxter_bridge/host_ws/install/baxter_maintenance_msgs/lib/libbaxter_maintenance_msgs__rosidl_typesupport_fastrtps_c.so
[8.096s] -- Set non-toolchain portion of runtime path of "/home/andnetdeboer/baxter_bridge/host_ws/install/baxter_maintenance_msgs/lib/libbaxter_maintenance_msgs__rosidl_typesupport_fastrtps_c.so" to ""
[8.096s] -- Up-to-date: /home/andnetdeboer/baxter_bridge/host_ws/install/baxter_maintenance_msgs/include/baxter_maintenance_msgs/baxter_maintenance_msgs
[8.096s] -- Up-to-date: /home/andnetdeboer/baxter_bridge/host_ws/install/baxter_maintenance_msgs/include/baxter_maintenance_msgs/baxter_maintenance_msgs/msg
[8.097s] -- Up-to-date: /home/andnetdeboer/baxter_bridge/host_ws/install/baxter_maintenance_msgs/include/baxter_maintenance_msgs/baxter_maintenance_msgs/msg/detail
[8.097s] -- Installing: /home/andnetdeboer/baxter_bridge/host_ws/install/baxter_maintenance_msgs/include/baxter_maintenance_msgs/baxter_maintenance_msgs/msg/detail/update_source__rosidl_typesupport_introspection_c.h
[8.097s] -- Installing: /home/andnetdeboer/baxter_bridge/host_ws/install/baxter_maintenance_msgs/include/baxter_maintenance_msgs/baxter_maintenance_msgs/msg/detail/update_sources__rosidl_typesupport_introspection_c.h
[8.097s] -- Installing: /home/andnetdeboer/baxter_bridge/host_ws/install/baxter_maintenance_msgs/include/baxter_maintenance_msgs/baxter_maintenance_msgs/msg/detail/tare_enable__type_support.c
[8.097s] -- Installing: /home/andnetdeboer/baxter_bridge/host_ws/install/baxter_maintenance_msgs/include/baxter_maintenance_msgs/baxter_maintenance_msgs/msg/detail/update_status__rosidl_typesupport_introspection_c.h
[8.097s] -- Installing: /home/andnetdeboer/baxter_bridge/host_ws/install/baxter_maintenance_msgs/include/baxter_maintenance_msgs/baxter_maintenance_msgs/msg/detail/update_source__type_support.c
[8.097s] -- Installing: /home/andnetdeboer/baxter_bridge/host_ws/install/baxter_maintenance_msgs/include/baxter_maintenance_msgs/baxter_maintenance_msgs/msg/detail/tare_data__rosidl_typesupport_introspection_c.h
[8.098s] -- Installing: /home/andnetdeboer/baxter_bridge/host_ws/install/baxter_maintenance_msgs/include/baxter_maintenance_msgs/baxter_maintenance_msgs/msg/detail/update_status__type_support.c
[8.098s] -- Installing: /home/andnetdeboer/baxter_bridge/host_ws/install/baxter_maintenance_msgs/include/baxter_maintenance_msgs/baxter_maintenance_msgs/msg/detail/calibrate_arm_enable__rosidl_typesupport_introspection_c.h
[8.098s] -- Installing: /home/andnetdeboer/baxter_bridge/host_ws/install/baxter_maintenance_msgs/include/baxter_maintenance_msgs/baxter_maintenance_msgs/msg/detail/tare_data__type_support.c
[8.098s] -- Installing: /home/andnetdeboer/baxter_bridge/host_ws/install/baxter_maintenance_msgs/include/baxter_maintenance_msgs/baxter_maintenance_msgs/msg/detail/update_sources__type_support.c
[8.098s] -- Installing: /home/andnetdeboer/baxter_bridge/host_ws/install/baxter_maintenance_msgs/include/baxter_maintenance_msgs/baxter_maintenance_msgs/msg/detail/tare_enable__rosidl_typesupport_introspection_c.h
[8.098s] -- Installing: /home/andnetdeboer/baxter_bridge/host_ws/install/baxter_maintenance_msgs/include/baxter_maintenance_msgs/baxter_maintenance_msgs/msg/detail/calibrate_arm_data__type_support.c
[8.098s] -- Installing: /home/andnetdeboer/baxter_bridge/host_ws/install/baxter_maintenance_msgs/include/baxter_maintenance_msgs/baxter_maintenance_msgs/msg/detail/calibrate_arm_data__rosidl_typesupport_introspection_c.h
[8.098s] -- Installing: /home/andnetdeboer/baxter_bridge/host_ws/install/baxter_maintenance_msgs/include/baxter_maintenance_msgs/baxter_maintenance_msgs/msg/detail/calibrate_arm_enable__type_support.c
[8.098s] -- Installing: /home/andnetdeboer/baxter_bridge/host_ws/install/baxter_maintenance_msgs/include/baxter_maintenance_msgs/baxter_maintenance_msgs/msg/rosidl_typesupport_introspection_c__visibility_control.h
[8.098s] -- Installing: /home/andnetdeboer/baxter_bridge/host_ws/install/baxter_maintenance_msgs/lib/libbaxter_maintenance_msgs__rosidl_typesupport_introspection_c.so
[8.098s] -- Set non-toolchain portion of runtime path of "/home/andnetdeboer/baxter_bridge/host_ws/install/baxter_maintenance_msgs/lib/libbaxter_maintenance_msgs__rosidl_typesupport_introspection_c.so" to ""
[8.098s] -- Installing: /home/andnetdeboer/baxter_bridge/host_ws/install/baxter_maintenance_msgs/lib/libbaxter_maintenance_msgs__rosidl_typesupport_c.so
[8.099s] -- Set non-toolchain portion of runtime path of "/home/andnetdeboer/baxter_bridge/host_ws/install/baxter_maintenance_msgs/lib/libbaxter_maintenance_msgs__rosidl_typesupport_c.so" to ""
[8.099s] -- Up-to-date: /home/andnetdeboer/baxter_bridge/host_ws/install/baxter_maintenance_msgs/include/baxter_maintenance_msgs/baxter_maintenance_msgs
[8.099s] -- Up-to-date: /home/andnetdeboer/baxter_bridge/host_ws/install/baxter_maintenance_msgs/include/baxter_maintenance_msgs/baxter_maintenance_msgs/msg
[8.099s] -- Up-to-date: /home/andnetdeboer/baxter_bridge/host_ws/install/baxter_maintenance_msgs/include/baxter_maintenance_msgs/baxter_maintenance_msgs/msg/detail
[8.099s] -- Installing: /home/andnetdeboer/baxter_bridge/host_ws/install/baxter_maintenance_msgs/include/baxter_maintenance_msgs/baxter_maintenance_msgs/msg/detail/update_source__traits.hpp
[8.099s] -- Installing: /home/andnetdeboer/baxter_bridge/host_ws/install/baxter_maintenance_msgs/include/baxter_maintenance_msgs/baxter_maintenance_msgs/msg/detail/tare_enable__type_support.hpp
[8.099s] -- Installing: /home/andnetdeboer/baxter_bridge/host_ws/install/baxter_maintenance_msgs/include/baxter_maintenance_msgs/baxter_maintenance_msgs/msg/detail/calibrate_arm_data__traits.hpp
[8.099s] -- Installing: /home/andnetdeboer/baxter_bridge/host_ws/install/baxter_maintenance_msgs/include/baxter_maintenance_msgs/baxter_maintenance_msgs/msg/detail/update_sources__struct.hpp
[8.100s] -- Installing: /home/andnetdeboer/baxter_bridge/host_ws/install/baxter_maintenance_msgs/include/baxter_maintenance_msgs/baxter_maintenance_msgs/msg/detail/tare_enable__traits.hpp
[8.100s] -- Installing: /home/andnetdeboer/baxter_bridge/host_ws/install/baxter_maintenance_msgs/include/baxter_maintenance_msgs/baxter_maintenance_msgs/msg/detail/update_sources__traits.hpp
[8.100s] -- Installing: /home/andnetdeboer/baxter_bridge/host_ws/install/baxter_maintenance_msgs/include/baxter_maintenance_msgs/baxter_maintenance_msgs/msg/detail/update_sources__type_support.hpp
[8.100s] -- Installing: /home/andnetdeboer/baxter_bridge/host_ws/install/baxter_maintenance_msgs/include/baxter_maintenance_msgs/baxter_maintenance_msgs/msg/detail/tare_data__type_support.hpp
[8.100s] -- Installing: /home/andnetdeboer/baxter_bridge/host_ws/install/baxter_maintenance_msgs/include/baxter_maintenance_msgs/baxter_maintenance_msgs/msg/detail/update_source__builder.hpp
[8.100s] -- Installing: /home/andnetdeboer/baxter_bridge/host_ws/install/baxter_maintenance_msgs/include/baxter_maintenance_msgs/baxter_maintenance_msgs/msg/detail/update_sources__builder.hpp
[8.100s] -- Installing: /home/andnetdeboer/baxter_bridge/host_ws/install/baxter_maintenance_msgs/include/baxter_maintenance_msgs/baxter_maintenance_msgs/msg/detail/calibrate_arm_data__struct.hpp
[8.100s] -- Installing: /home/andnetdeboer/baxter_bridge/host_ws/install/baxter_maintenance_msgs/include/baxter_maintenance_msgs/baxter_maintenance_msgs/msg/detail/update_status__builder.hpp
[8.100s] -- Installing: /home/andnetdeboer/baxter_bridge/host_ws/install/baxter_maintenance_msgs/include/baxter_maintenance_msgs/baxter_maintenance_msgs/msg/detail/calibrate_arm_enable__struct.hpp
[8.100s] -- Installing: /home/andnetdeboer/baxter_bridge/host_ws/install/baxter_maintenance_msgs/include/baxter_maintenance_msgs/baxter_maintenance_msgs/msg/detail/tare_enable__struct.hpp
[8.100s] -- Installing: /home/andnetdeboer/baxter_bridge/host_ws/install/baxter_maintenance_msgs/include/baxter_maintenance_msgs/baxter_maintenance_msgs/msg/detail/update_status__struct.hpp
[8.100s] -- Installing: /home/andnetdeboer/baxter_bridge/host_ws/install/baxter_maintenance_msgs/include/baxter_maintenance_msgs/baxter_maintenance_msgs/msg/detail/calibrate_arm_data__builder.hpp
[8.100s] -- Installing: /home/andnetdeboer/baxter_bridge/host_ws/install/baxter_maintenance_msgs/include/baxter_maintenance_msgs/baxter_maintenance_msgs/msg/detail/update_source__struct.hpp
[8.101s] -- Installing: /home/andnetdeboer/baxter_bridge/host_ws/install/baxter_maintenance_msgs/include/baxter_maintenance_msgs/baxter_maintenance_msgs/msg/detail/tare_data__traits.hpp
[8.101s] -- Installing: /home/andnetdeboer/baxter_bridge/host_ws/install/baxter_maintenance_msgs/include/baxter_maintenance_msgs/baxter_maintenance_msgs/msg/detail/update_status__type_support.hpp
[8.101s] -- Installing: /home/andnetdeboer/baxter_bridge/host_ws/install/baxter_maintenance_msgs/include/baxter_maintenance_msgs/baxter_maintenance_msgs/msg/detail/calibrate_arm_data__type_support.hpp
[8.101s] -- Installing: /home/andnetdeboer/baxter_bridge/host_ws/install/baxter_maintenance_msgs/include/baxter_maintenance_msgs/baxter_maintenance_msgs/msg/detail/calibrate_arm_enable__type_support.hpp
[8.101s] -- Installing: /home/andnetdeboer/baxter_bridge/host_ws/install/baxter_maintenance_msgs/include/baxter_maintenance_msgs/baxter_maintenance_msgs/msg/detail/update_status__traits.hpp
[8.101s] -- Installing: /home/andnetdeboer/baxter_bridge/host_ws/install/baxter_maintenance_msgs/include/baxter_maintenance_msgs/baxter_maintenance_msgs/msg/detail/update_source__type_support.hpp
[8.101s] -- Installing: /home/andnetdeboer/baxter_bridge/host_ws/install/baxter_maintenance_msgs/include/baxter_maintenance_msgs/baxter_maintenance_msgs/msg/detail/tare_enable__builder.hpp
[8.101s] -- Installing: /home/andnetdeboer/baxter_bridge/host_ws/install/baxter_maintenance_msgs/include/baxter_maintenance_msgs/baxter_maintenance_msgs/msg/detail/tare_data__builder.hpp
[8.101s] -- Installing: /home/andnetdeboer/baxter_bridge/host_ws/install/baxter_maintenance_msgs/include/baxter_maintenance_msgs/baxter_maintenance_msgs/msg/detail/calibrate_arm_enable__traits.hpp
[8.101s] -- Installing: /home/andnetdeboer/baxter_bridge/host_ws/install/baxter_maintenance_msgs/include/baxter_maintenance_msgs/baxter_maintenance_msgs/msg/detail/tare_data__struct.hpp
[8.101s] -- Installing: /home/andnetdeboer/baxter_bridge/host_ws/install/baxter_maintenance_msgs/include/baxter_maintenance_msgs/baxter_maintenance_msgs/msg/detail/calibrate_arm_enable__builder.hpp
[8.101s] -- Installing: /home/andnetdeboer/baxter_bridge/host_ws/install/baxter_maintenance_msgs/include/baxter_maintenance_msgs/baxter_maintenance_msgs/msg/rosidl_generator_cpp__visibility_control.hpp
[8.101s] -- Installing: /home/andnetdeboer/baxter_bridge/host_ws/install/baxter_maintenance_msgs/include/baxter_maintenance_msgs/baxter_maintenance_msgs/msg/update_status.hpp
[8.101s] -- Installing: /home/andnetdeboer/baxter_bridge/host_ws/install/baxter_maintenance_msgs/include/baxter_maintenance_msgs/baxter_maintenance_msgs/msg/calibrate_arm_enable.hpp
[8.102s] -- Installing: /home/andnetdeboer/baxter_bridge/host_ws/install/baxter_maintenance_msgs/include/baxter_maintenance_msgs/baxter_maintenance_msgs/msg/update_sources.hpp
[8.102s] -- Installing: /home/andnetdeboer/baxter_bridge/host_ws/install/baxter_maintenance_msgs/include/baxter_maintenance_msgs/baxter_maintenance_msgs/msg/tare_data.hpp
[8.102s] -- Installing: /home/andnetdeboer/baxter_bridge/host_ws/install/baxter_maintenance_msgs/include/baxter_maintenance_msgs/baxter_maintenance_msgs/msg/tare_enable.hpp
[8.102s] -- Installing: /home/andnetdeboer/baxter_bridge/host_ws/install/baxter_maintenance_msgs/include/baxter_maintenance_msgs/baxter_maintenance_msgs/msg/update_source.hpp
[8.102s] -- Installing: /home/andnetdeboer/baxter_bridge/host_ws/install/baxter_maintenance_msgs/include/baxter_maintenance_msgs/baxter_maintenance_msgs/msg/calibrate_arm_data.hpp
[8.102s] -- Up-to-date: /home/andnetdeboer/baxter_bridge/host_ws/install/baxter_maintenance_msgs/include/baxter_maintenance_msgs/baxter_maintenance_msgs
[8.102s] -- Up-to-date: /home/andnetdeboer/baxter_bridge/host_ws/install/baxter_maintenance_msgs/include/baxter_maintenance_msgs/baxter_maintenance_msgs/msg
[8.102s] -- Up-to-date: /home/andnetdeboer/baxter_bridge/host_ws/install/baxter_maintenance_msgs/include/baxter_maintenance_msgs/baxter_maintenance_msgs/msg/detail
[8.102s] -- Installing: /home/andnetdeboer/baxter_bridge/host_ws/install/baxter_maintenance_msgs/include/baxter_maintenance_msgs/baxter_maintenance_msgs/msg/detail/update_status__rosidl_typesupport_fastrtps_cpp.hpp
[8.102s] -- Installing: /home/andnetdeboer/baxter_bridge/host_ws/install/baxter_maintenance_msgs/include/baxter_maintenance_msgs/baxter_maintenance_msgs/msg/detail/update_source__rosidl_typesupport_fastrtps_cpp.hpp
[8.102s] -- Installing: /home/andnetdeboer/baxter_bridge/host_ws/install/baxter_maintenance_msgs/include/baxter_maintenance_msgs/baxter_maintenance_msgs/msg/detail/tare_data__rosidl_typesupport_fastrtps_cpp.hpp
[8.102s] -- Installing: /home/andnetdeboer/baxter_bridge/host_ws/install/baxter_maintenance_msgs/include/baxter_maintenance_msgs/baxter_maintenance_msgs/msg/detail/calibrate_arm_enable__rosidl_typesupport_fastrtps_cpp.hpp
[8.103s] -- Installing: /home/andnetdeboer/baxter_bridge/host_ws/install/baxter_maintenance_msgs/include/baxter_maintenance_msgs/baxter_maintenance_msgs/msg/detail/calibrate_arm_data__rosidl_typesupport_fastrtps_cpp.hpp
[8.103s] -- Installing: /home/andnetdeboer/baxter_bridge/host_ws/install/baxter_maintenance_msgs/include/baxter_maintenance_msgs/baxter_maintenance_msgs/msg/detail/tare_enable__rosidl_typesupport_fastrtps_cpp.hpp
[8.103s] -- Installing: /home/andnetdeboer/baxter_bridge/host_ws/install/baxter_maintenance_msgs/include/baxter_maintenance_msgs/baxter_maintenance_msgs/msg/detail/update_sources__rosidl_typesupport_fastrtps_cpp.hpp
[8.103s] -- Installing: /home/andnetdeboer/baxter_bridge/host_ws/install/baxter_maintenance_msgs/include/baxter_maintenance_msgs/baxter_maintenance_msgs/msg/detail/dds_fastrtps
[8.103s] -- Installing: /home/andnetdeboer/baxter_bridge/host_ws/install/baxter_maintenance_msgs/include/baxter_maintenance_msgs/baxter_maintenance_msgs/msg/rosidl_typesupport_fastrtps_cpp__visibility_control.h
[8.103s] -- Installing: /home/andnetdeboer/baxter_bridge/host_ws/install/baxter_maintenance_msgs/lib/libbaxter_maintenance_msgs__rosidl_typesupport_fastrtps_cpp.so
[8.103s] -- Set non-toolchain portion of runtime path of "/home/andnetdeboer/baxter_bridge/host_ws/install/baxter_maintenance_msgs/lib/libbaxter_maintenance_msgs__rosidl_typesupport_fastrtps_cpp.so" to ""
[8.103s] -- Up-to-date: /home/andnetdeboer/baxter_bridge/host_ws/install/baxter_maintenance_msgs/include/baxter_maintenance_msgs/baxter_maintenance_msgs
[8.103s] -- Up-to-date: /home/andnetdeboer/baxter_bridge/host_ws/install/baxter_maintenance_msgs/include/baxter_maintenance_msgs/baxter_maintenance_msgs/msg
[8.103s] -- Up-to-date: /home/andnetdeboer/baxter_bridge/host_ws/install/baxter_maintenance_msgs/include/baxter_maintenance_msgs/baxter_maintenance_msgs/msg/detail
[8.103s] -- Installing: /home/andnetdeboer/baxter_bridge/host_ws/install/baxter_maintenance_msgs/include/baxter_maintenance_msgs/baxter_maintenance_msgs/msg/detail/calibrate_arm_enable__rosidl_typesupport_introspection_cpp.hpp
[8.103s] -- Installing: /home/andnetdeboer/baxter_bridge/host_ws/install/baxter_maintenance_msgs/include/baxter_maintenance_msgs/baxter_maintenance_msgs/msg/detail/calibrate_arm_data__rosidl_typesupport_introspection_cpp.hpp
[8.103s] -- Installing: /home/andnetdeboer/baxter_bridge/host_ws/install/baxter_maintenance_msgs/include/baxter_maintenance_msgs/baxter_maintenance_msgs/msg/detail/update_sources__rosidl_typesupport_introspection_cpp.hpp
[8.103s] -- Installing: /home/andnetdeboer/baxter_bridge/host_ws/install/baxter_maintenance_msgs/include/baxter_maintenance_msgs/baxter_maintenance_msgs/msg/detail/calibrate_arm_data__type_support.cpp
[8.104s] -- Installing: /home/andnetdeboer/baxter_bridge/host_ws/install/baxter_maintenance_msgs/include/baxter_maintenance_msgs/baxter_maintenance_msgs/msg/detail/calibrate_arm_enable__type_support.cpp
[8.104s] -- Installing: /home/andnetdeboer/baxter_bridge/host_ws/install/baxter_maintenance_msgs/include/baxter_maintenance_msgs/baxter_maintenance_msgs/msg/detail/tare_data__type_support.cpp
[8.104s] -- Installing: /home/andnetdeboer/baxter_bridge/host_ws/install/baxter_maintenance_msgs/include/baxter_maintenance_msgs/baxter_maintenance_msgs/msg/detail/update_sources__type_support.cpp
[8.104s] -- Installing: /home/andnetdeboer/baxter_bridge/host_ws/install/baxter_maintenance_msgs/include/baxter_maintenance_msgs/baxter_maintenance_msgs/msg/detail/tare_data__rosidl_typesupport_introspection_cpp.hpp
[8.104s] -- Installing: /home/andnetdeboer/baxter_bridge/host_ws/install/baxter_maintenance_msgs/include/baxter_maintenance_msgs/baxter_maintenance_msgs/msg/detail/update_status__type_support.cpp
[8.104s] -- Installing: /home/andnetdeboer/baxter_bridge/host_ws/install/baxter_maintenance_msgs/include/baxter_maintenance_msgs/baxter_maintenance_msgs/msg/detail/tare_enable__type_support.cpp
[8.104s] -- Installing: /home/andnetdeboer/baxter_bridge/host_ws/install/baxter_maintenance_msgs/include/baxter_maintenance_msgs/baxter_maintenance_msgs/msg/detail/update_status__rosidl_typesupport_introspection_cpp.hpp
[8.104s] -- Installing: /home/andnetdeboer/baxter_bridge/host_ws/install/baxter_maintenance_msgs/include/baxter_maintenance_msgs/baxter_maintenance_msgs/msg/detail/tare_enable__rosidl_typesupport_introspection_cpp.hpp
[8.104s] -- Installing: /home/andnetdeboer/baxter_bridge/host_ws/install/baxter_maintenance_msgs/include/baxter_maintenance_msgs/baxter_maintenance_msgs/msg/detail/update_source__type_support.cpp
[8.104s] -- Installing: /home/andnetdeboer/baxter_bridge/host_ws/install/baxter_maintenance_msgs/include/baxter_maintenance_msgs/baxter_maintenance_msgs/msg/detail/update_source__rosidl_typesupport_introspection_cpp.hpp
[8.104s] -- Installing: /home/andnetdeboer/baxter_bridge/host_ws/install/baxter_maintenance_msgs/lib/libbaxter_maintenance_msgs__rosidl_typesupport_introspection_cpp.so
[8.104s] -- Set non-toolchain portion of runtime path of "/home/andnetdeboer/baxter_bridge/host_ws/install/baxter_maintenance_msgs/lib/libbaxter_maintenance_msgs__rosidl_typesupport_introspection_cpp.so" to ""
[8.105s] -- Installing: /home/andnetdeboer/baxter_bridge/host_ws/install/baxter_maintenance_msgs/lib/libbaxter_maintenance_msgs__rosidl_typesupport_cpp.so
[8.105s] -- Set non-toolchain portion of runtime path of "/home/andnetdeboer/baxter_bridge/host_ws/install/baxter_maintenance_msgs/lib/libbaxter_maintenance_msgs__rosidl_typesupport_cpp.so" to ""
[8.105s] -- Installing: /home/andnetdeboer/baxter_bridge/host_ws/install/baxter_maintenance_msgs/share/baxter_maintenance_msgs/environment/pythonpath.sh
[8.105s] -- Installing: /home/andnetdeboer/baxter_bridge/host_ws/install/baxter_maintenance_msgs/share/baxter_maintenance_msgs/environment/pythonpath.dsv
[8.105s] -- Installing: /home/andnetdeboer/baxter_bridge/host_ws/install/baxter_maintenance_msgs/lib/python3.12/site-packages/baxter_maintenance_msgs-0.0.0-py3.12.egg-info
[8.105s] -- Installing: /home/andnetdeboer/baxter_bridge/host_ws/install/baxter_maintenance_msgs/lib/python3.12/site-packages/baxter_maintenance_msgs-0.0.0-py3.12.egg-info/SOURCES.txt
[8.105s] -- Installing: /home/andnetdeboer/baxter_bridge/host_ws/install/baxter_maintenance_msgs/lib/python3.12/site-packages/baxter_maintenance_msgs-0.0.0-py3.12.egg-info/PKG-INFO
[8.105s] -- Installing: /home/andnetdeboer/baxter_bridge/host_ws/install/baxter_maintenance_msgs/lib/python3.12/site-packages/baxter_maintenance_msgs-0.0.0-py3.12.egg-info/dependency_links.txt
[8.105s] -- Installing: /home/andnetdeboer/baxter_bridge/host_ws/install/baxter_maintenance_msgs/lib/python3.12/site-packages/baxter_maintenance_msgs-0.0.0-py3.12.egg-info/top_level.txt
[8.105s] -- Installing: /home/andnetdeboer/baxter_bridge/host_ws/install/baxter_maintenance_msgs/lib/python3.12/site-packages/baxter_maintenance_msgs
[8.105s] -- Installing: /home/andnetdeboer/baxter_bridge/host_ws/install/baxter_maintenance_msgs/lib/python3.12/site-packages/baxter_maintenance_msgs/__init__.py
[8.105s] -- Installing: /home/andnetdeboer/baxter_bridge/host_ws/install/baxter_maintenance_msgs/lib/python3.12/site-packages/baxter_maintenance_msgs/baxter_maintenance_msgs_s__rosidl_typesupport_introspection_c.so
[8.105s] -- Installing: /home/andnetdeboer/baxter_bridge/host_ws/install/baxter_maintenance_msgs/lib/python3.12/site-packages/baxter_maintenance_msgs/msg
[8.106s] -- Installing: /home/andnetdeboer/baxter_bridge/host_ws/install/baxter_maintenance_msgs/lib/python3.12/site-packages/baxter_maintenance_msgs/msg/__init__.py
[8.106s] -- Installing: /home/andnetdeboer/baxter_bridge/host_ws/install/baxter_maintenance_msgs/lib/python3.12/site-packages/baxter_maintenance_msgs/msg/_calibrate_arm_enable.py
[8.106s] -- Installing: /home/andnetdeboer/baxter_bridge/host_ws/install/baxter_maintenance_msgs/lib/python3.12/site-packages/baxter_maintenance_msgs/msg/_tare_data.py
[8.106s] -- Installing: /home/andnetdeboer/baxter_bridge/host_ws/install/baxter_maintenance_msgs/lib/python3.12/site-packages/baxter_maintenance_msgs/msg/_update_status.py
[8.106s] -- Installing: /home/andnetdeboer/baxter_bridge/host_ws/install/baxter_maintenance_msgs/lib/python3.12/site-packages/baxter_maintenance_msgs/msg/_tare_enable_s.c
[8.106s] -- Installing: /home/andnetdeboer/baxter_bridge/host_ws/install/baxter_maintenance_msgs/lib/python3.12/site-packages/baxter_maintenance_msgs/msg/_tare_enable.py
[8.106s] -- Installing: /home/andnetdeboer/baxter_bridge/host_ws/install/baxter_maintenance_msgs/lib/python3.12/site-packages/baxter_maintenance_msgs/msg/_update_source_s.c
[8.106s] -- Installing: /home/andnetdeboer/baxter_bridge/host_ws/install/baxter_maintenance_msgs/lib/python3.12/site-packages/baxter_maintenance_msgs/msg/_tare_data_s.c
[8.106s] -- Installing: /home/andnetdeboer/baxter_bridge/host_ws/install/baxter_maintenance_msgs/lib/python3.12/site-packages/baxter_maintenance_msgs/msg/_calibrate_arm_data_s.c
[8.106s] -- Installing: /home/andnetdeboer/baxter_bridge/host_ws/install/baxter_maintenance_msgs/lib/python3.12/site-packages/baxter_maintenance_msgs/msg/_update_source.py
[8.106s] -- Installing: /home/andnetdeboer/baxter_bridge/host_ws/install/baxter_maintenance_msgs/lib/python3.12/site-packages/baxter_maintenance_msgs/msg/_calibrate_arm_data.py
[8.106s] -- Installing: /home/andnetdeboer/baxter_bridge/host_ws/install/baxter_maintenance_msgs/lib/python3.12/site-packages/baxter_maintenance_msgs/msg/_update_sources_s.c
[8.106s] -- Installing: /home/andnetdeboer/baxter_bridge/host_ws/install/baxter_maintenance_msgs/lib/python3.12/site-packages/baxter_maintenance_msgs/msg/_update_status_s.c
[8.106s] -- Installing: /home/andnetdeboer/baxter_bridge/host_ws/install/baxter_maintenance_msgs/lib/python3.12/site-packages/baxter_maintenance_msgs/msg/_calibrate_arm_enable_s.c
[8.107s] -- Installing: /home/andnetdeboer/baxter_bridge/host_ws/install/baxter_maintenance_msgs/lib/python3.12/site-packages/baxter_maintenance_msgs/msg/_update_sources.py
[8.107s] -- Installing: /home/andnetdeboer/baxter_bridge/host_ws/install/baxter_maintenance_msgs/lib/python3.12/site-packages/baxter_maintenance_msgs/baxter_maintenance_msgs_s__rosidl_typesupport_c.so
[8.107s] -- Installing: /home/andnetdeboer/baxter_bridge/host_ws/install/baxter_maintenance_msgs/lib/python3.12/site-packages/baxter_maintenance_msgs/_baxter_maintenance_msgs_s.ep.rosidl_typesupport_c.c
[8.107s] -- Installing: /home/andnetdeboer/baxter_bridge/host_ws/install/baxter_maintenance_msgs/lib/python3.12/site-packages/baxter_maintenance_msgs/_baxter_maintenance_msgs_s.ep.rosidl_typesupport_introspection_c.c
[8.107s] -- Installing: /home/andnetdeboer/baxter_bridge/host_ws/install/baxter_maintenance_msgs/lib/python3.12/site-packages/baxter_maintenance_msgs/baxter_maintenance_msgs_s__rosidl_typesupport_fastrtps_c.so
[8.107s] -- Installing: /home/andnetdeboer/baxter_bridge/host_ws/install/baxter_maintenance_msgs/lib/python3.12/site-packages/baxter_maintenance_msgs/_baxter_maintenance_msgs_s.ep.rosidl_typesupport_fastrtps_c.c
[8.157s] Listing '/home/andnetdeboer/baxter_bridge/host_ws/install/baxter_maintenance_msgs/lib/python3.12/site-packages/baxter_maintenance_msgs'...
[8.157s] Compiling '/home/andnetdeboer/baxter_bridge/host_ws/install/baxter_maintenance_msgs/lib/python3.12/site-packages/baxter_maintenance_msgs/__init__.py'...
[8.157s] Listing '/home/andnetdeboer/baxter_bridge/host_ws/install/baxter_maintenance_msgs/lib/python3.12/site-packages/baxter_maintenance_msgs/msg'...
[8.157s] Compiling '/home/andnetdeboer/baxter_bridge/host_ws/install/baxter_maintenance_msgs/lib/python3.12/site-packages/baxter_maintenance_msgs/msg/__init__.py'...
[8.158s] Compiling '/home/andnetdeboer/baxter_bridge/host_ws/install/baxter_maintenance_msgs/lib/python3.12/site-packages/baxter_maintenance_msgs/msg/_calibrate_arm_data.py'...
[8.158s] Compiling '/home/andnetdeboer/baxter_bridge/host_ws/install/baxter_maintenance_msgs/lib/python3.12/site-packages/baxter_maintenance_msgs/msg/_calibrate_arm_enable.py'...
[8.158s] Compiling '/home/andnetdeboer/baxter_bridge/host_ws/install/baxter_maintenance_msgs/lib/python3.12/site-packages/baxter_maintenance_msgs/msg/_tare_data.py'...
[8.158s] Compiling '/home/andnetdeboer/baxter_bridge/host_ws/install/baxter_maintenance_msgs/lib/python3.12/site-packages/baxter_maintenance_msgs/msg/_tare_enable.py'...
[8.158s] Compiling '/home/andnetdeboer/baxter_bridge/host_ws/install/baxter_maintenance_msgs/lib/python3.12/site-packages/baxter_maintenance_msgs/msg/_update_source.py'...
[8.158s] Compiling '/home/andnetdeboer/baxter_bridge/host_ws/install/baxter_maintenance_msgs/lib/python3.12/site-packages/baxter_maintenance_msgs/msg/_update_sources.py'...
[8.158s] Compiling '/home/andnetdeboer/baxter_bridge/host_ws/install/baxter_maintenance_msgs/lib/python3.12/site-packages/baxter_maintenance_msgs/msg/_update_status.py'...
[8.162s] -- Installing: /home/andnetdeboer/baxter_bridge/host_ws/install/baxter_maintenance_msgs/lib/python3.12/site-packages/baxter_maintenance_msgs/baxter_maintenance_msgs_s__rosidl_typesupport_fastrtps_c.so
[8.163s] -- Set non-toolchain portion of runtime path of "/home/andnetdeboer/baxter_bridge/host_ws/install/baxter_maintenance_msgs/lib/python3.12/site-packages/baxter_maintenance_msgs/baxter_maintenance_msgs_s__rosidl_typesupport_fastrtps_c.so" to ""
[8.163s] -- Installing: /home/andnetdeboer/baxter_bridge/host_ws/install/baxter_maintenance_msgs/lib/python3.12/site-packages/baxter_maintenance_msgs/baxter_maintenance_msgs_s__rosidl_typesupport_introspection_c.so
[8.164s] -- Set non-toolchain portion of runtime path of "/home/andnetdeboer/baxter_bridge/host_ws/install/baxter_maintenance_msgs/lib/python3.12/site-packages/baxter_maintenance_msgs/baxter_maintenance_msgs_s__rosidl_typesupport_introspection_c.so" to ""
[8.164s] -- Installing: /home/andnetdeboer/baxter_bridge/host_ws/install/baxter_maintenance_msgs/lib/python3.12/site-packages/baxter_maintenance_msgs/baxter_maintenance_msgs_s__rosidl_typesupport_c.so
[8.164s] -- Set non-toolchain portion of runtime path of "/home/andnetdeboer/baxter_bridge/host_ws/install/baxter_maintenance_msgs/lib/python3.12/site-packages/baxter_maintenance_msgs/baxter_maintenance_msgs_s__rosidl_typesupport_c.so" to ""
[8.164s] -- Installing: /home/andnetdeboer/baxter_bridge/host_ws/install/baxter_maintenance_msgs/lib/libbaxter_maintenance_msgs__rosidl_generator_py.so
[8.165s] -- Set non-toolchain portion of runtime path of "/home/andnetdeboer/baxter_bridge/host_ws/install/baxter_maintenance_msgs/lib/libbaxter_maintenance_msgs__rosidl_generator_py.so" to ""
[8.165s] -- Installing: /home/andnetdeboer/baxter_bridge/host_ws/install/baxter_maintenance_msgs/share/ament_index/resource_index/rust_packages/baxter_maintenance_msgs
[8.165s] -- Installing: /home/andnetdeboer/baxter_bridge/host_ws/install/baxter_maintenance_msgs/share/baxter_maintenance_msgs/rust
[8.165s] -- Installing: /home/andnetdeboer/baxter_bridge/host_ws/install/baxter_maintenance_msgs/share/baxter_maintenance_msgs/rust/src
[8.165s] -- Installing: /home/andnetdeboer/baxter_bridge/host_ws/install/baxter_maintenance_msgs/share/baxter_maintenance_msgs/rust/src/msg
[8.165s] -- Installing: /home/andnetdeboer/baxter_bridge/host_ws/install/baxter_maintenance_msgs/share/baxter_maintenance_msgs/rust/src/msg/rmw.rs
[8.165s] -- Installing: /home/andnetdeboer/baxter_bridge/host_ws/install/baxter_maintenance_msgs/share/baxter_maintenance_msgs/rust/src/lib.rs
[8.166s] -- Installing: /home/andnetdeboer/baxter_bridge/host_ws/install/baxter_maintenance_msgs/share/baxter_maintenance_msgs/rust/src/msg.rs
[8.166s] -- Installing: /home/andnetdeboer/baxter_bridge/host_ws/install/baxter_maintenance_msgs/share/baxter_maintenance_msgs/rust/Cargo.toml
[8.166s] -- Installing: /home/andnetdeboer/baxter_bridge/host_ws/install/baxter_maintenance_msgs/share/baxter_maintenance_msgs/rust/build.rs
[8.166s] -- Installing: /home/andnetdeboer/baxter_bridge/host_ws/install/baxter_maintenance_msgs/share/baxter_maintenance_msgs/msg/CalibrateArmData.idl
[8.166s] -- Installing: /home/andnetdeboer/baxter_bridge/host_ws/install/baxter_maintenance_msgs/share/baxter_maintenance_msgs/msg/CalibrateArmEnable.idl
[8.166s] -- Installing: /home/andnetdeboer/baxter_bridge/host_ws/install/baxter_maintenance_msgs/share/baxter_maintenance_msgs/msg/TareData.idl
[8.167s] -- Installing: /home/andnetdeboer/baxter_bridge/host_ws/install/baxter_maintenance_msgs/share/baxter_maintenance_msgs/msg/TareEnable.idl
[8.167s] -- Installing: /home/andnetdeboer/baxter_bridge/host_ws/install/baxter_maintenance_msgs/share/baxter_maintenance_msgs/msg/UpdateSource.idl
[8.167s] -- Installing: /home/andnetdeboer/baxter_bridge/host_ws/install/baxter_maintenance_msgs/share/baxter_maintenance_msgs/msg/UpdateSources.idl
[8.167s] -- Installing: /home/andnetdeboer/baxter_bridge/host_ws/install/baxter_maintenance_msgs/share/baxter_maintenance_msgs/msg/UpdateStatus.idl
[8.167s] -- Installing: /home/andnetdeboer/baxter_bridge/host_ws/install/baxter_maintenance_msgs/share/baxter_maintenance_msgs/msg/CalibrateArmData.msg
[8.167s] -- Installing: /home/andnetdeboer/baxter_bridge/host_ws/install/baxter_maintenance_msgs/share/baxter_maintenance_msgs/msg/CalibrateArmEnable.msg
[8.167s] -- Installing: /home/andnetdeboer/baxter_bridge/host_ws/install/baxter_maintenance_msgs/share/baxter_maintenance_msgs/msg/TareData.msg
[8.168s] -- Installing: /home/andnetdeboer/baxter_bridge/host_ws/install/baxter_maintenance_msgs/share/baxter_maintenance_msgs/msg/TareEnable.msg
[8.168s] -- Installing: /home/andnetdeboer/baxter_bridge/host_ws/install/baxter_maintenance_msgs/share/baxter_maintenance_msgs/msg/UpdateSource.msg
[8.168s] -- Installing: /home/andnetdeboer/baxter_bridge/host_ws/install/baxter_maintenance_msgs/share/baxter_maintenance_msgs/msg/UpdateSources.msg
[8.168s] -- Installing: /home/andnetdeboer/baxter_bridge/host_ws/install/baxter_maintenance_msgs/share/baxter_maintenance_msgs/msg/UpdateStatus.msg
[8.168s] -- Installing: /home/andnetdeboer/baxter_bridge/host_ws/install/baxter_maintenance_msgs/share/ament_index/resource_index/package_run_dependencies/baxter_maintenance_msgs
[8.168s] -- Installing: /home/andnetdeboer/baxter_bridge/host_ws/install/baxter_maintenance_msgs/share/ament_index/resource_index/parent_prefix_path/baxter_maintenance_msgs
[8.168s] -- Installing: /home/andnetdeboer/baxter_bridge/host_ws/install/baxter_maintenance_msgs/share/baxter_maintenance_msgs/environment/ament_prefix_path.sh
[8.168s] -- Installing: /home/andnetdeboer/baxter_bridge/host_ws/install/baxter_maintenance_msgs/share/baxter_maintenance_msgs/environment/ament_prefix_path.dsv
[8.168s] -- Installing: /home/andnetdeboer/baxter_bridge/host_ws/install/baxter_maintenance_msgs/share/baxter_maintenance_msgs/environment/path.sh
[8.168s] -- Installing: /home/andnetdeboer/baxter_bridge/host_ws/install/baxter_maintenance_msgs/share/baxter_maintenance_msgs/environment/path.dsv
[8.168s] -- Installing: /home/andnetdeboer/baxter_bridge/host_ws/install/baxter_maintenance_msgs/share/baxter_maintenance_msgs/local_setup.bash
[8.169s] -- Installing: /home/andnetdeboer/baxter_bridge/host_ws/install/baxter_maintenance_msgs/share/baxter_maintenance_msgs/local_setup.sh
[8.169s] -- Installing: /home/andnetdeboer/baxter_bridge/host_ws/install/baxter_maintenance_msgs/share/baxter_maintenance_msgs/local_setup.zsh
[8.169s] -- Installing: /home/andnetdeboer/baxter_bridge/host_ws/install/baxter_maintenance_msgs/share/baxter_maintenance_msgs/local_setup.dsv
[8.169s] -- Installing: /home/andnetdeboer/baxter_bridge/host_ws/install/baxter_maintenance_msgs/share/baxter_maintenance_msgs/package.dsv
[8.169s] -- Installing: /home/andnetdeboer/baxter_bridge/host_ws/install/baxter_maintenance_msgs/share/ament_index/resource_index/packages/baxter_maintenance_msgs
[8.169s] -- Installing: /home/andnetdeboer/baxter_bridge/host_ws/install/baxter_maintenance_msgs/share/baxter_maintenance_msgs/cmake/export_baxter_maintenance_msgs__rosidl_generator_cExport.cmake
[8.169s] -- Installing: /home/andnetdeboer/baxter_bridge/host_ws/install/baxter_maintenance_msgs/share/baxter_maintenance_msgs/cmake/export_baxter_maintenance_msgs__rosidl_generator_cExport-noconfig.cmake
[8.169s] -- Installing: /home/andnetdeboer/baxter_bridge/host_ws/install/baxter_maintenance_msgs/share/baxter_maintenance_msgs/cmake/export_baxter_maintenance_msgs__rosidl_typesupport_fastrtps_cExport.cmake
[8.170s] -- Installing: /home/andnetdeboer/baxter_bridge/host_ws/install/baxter_maintenance_msgs/share/baxter_maintenance_msgs/cmake/export_baxter_maintenance_msgs__rosidl_typesupport_fastrtps_cExport-noconfig.cmake
[8.170s] -- Installing: /home/andnetdeboer/baxter_bridge/host_ws/install/baxter_maintenance_msgs/share/baxter_maintenance_msgs/cmake/baxter_maintenance_msgs__rosidl_typesupport_introspection_cExport.cmake
[8.170s] -- Installing: /home/andnetdeboer/baxter_bridge/host_ws/install/baxter_maintenance_msgs/share/baxter_maintenance_msgs/cmake/baxter_maintenance_msgs__rosidl_typesupport_introspection_cExport-noconfig.cmake
[8.170s] -- Installing: /home/andnetdeboer/baxter_bridge/host_ws/install/baxter_maintenance_msgs/share/baxter_maintenance_msgs/cmake/baxter_maintenance_msgs__rosidl_typesupport_cExport.cmake
[8.170s] -- Installing: /home/andnetdeboer/baxter_bridge/host_ws/install/baxter_maintenance_msgs/share/baxter_maintenance_msgs/cmake/baxter_maintenance_msgs__rosidl_typesupport_cExport-noconfig.cmake
[8.170s] -- Installing: /home/andnetdeboer/baxter_bridge/host_ws/install/baxter_maintenance_msgs/share/baxter_maintenance_msgs/cmake/export_baxter_maintenance_msgs__rosidl_generator_cppExport.cmake
[8.170s] -- Installing: /home/andnetdeboer/baxter_bridge/host_ws/install/baxter_maintenance_msgs/share/baxter_maintenance_msgs/cmake/export_baxter_maintenance_msgs__rosidl_typesupport_fastrtps_cppExport.cmake
[8.170s] -- Installing: /home/andnetdeboer/baxter_bridge/host_ws/install/baxter_maintenance_msgs/share/baxter_maintenance_msgs/cmake/export_baxter_maintenance_msgs__rosidl_typesupport_fastrtps_cppExport-noconfig.cmake
[8.170s] -- Installing: /home/andnetdeboer/baxter_bridge/host_ws/install/baxter_maintenance_msgs/share/baxter_maintenance_msgs/cmake/baxter_maintenance_msgs__rosidl_typesupport_introspection_cppExport.cmake
[8.170s] -- Installing: /home/andnetdeboer/baxter_bridge/host_ws/install/baxter_maintenance_msgs/share/baxter_maintenance_msgs/cmake/baxter_maintenance_msgs__rosidl_typesupport_introspection_cppExport-noconfig.cmake
[8.170s] -- Installing: /home/andnetdeboer/baxter_bridge/host_ws/install/baxter_maintenance_msgs/share/baxter_maintenance_msgs/cmake/baxter_maintenance_msgs__rosidl_typesupport_cppExport.cmake
[8.170s] -- Installing: /home/andnetdeboer/baxter_bridge/host_ws/install/baxter_maintenance_msgs/share/baxter_maintenance_msgs/cmake/baxter_maintenance_msgs__rosidl_typesupport_cppExport-noconfig.cmake
[8.170s] -- Installing: /home/andnetdeboer/baxter_bridge/host_ws/install/baxter_maintenance_msgs/share/baxter_maintenance_msgs/cmake/export_baxter_maintenance_msgs__rosidl_generator_pyExport.cmake
[8.172s] -- Installing: /home/andnetdeboer/baxter_bridge/host_ws/install/baxter_maintenance_msgs/share/baxter_maintenance_msgs/cmake/export_baxter_maintenance_msgs__rosidl_generator_pyExport-noconfig.cmake
[8.172s] -- Installing: /home/andnetdeboer/baxter_bridge/host_ws/install/baxter_maintenance_msgs/share/baxter_maintenance_msgs/cmake/rosidl_cmake-extras.cmake
[8.172s] -- Installing: /home/andnetdeboer/baxter_bridge/host_ws/install/baxter_maintenance_msgs/share/baxter_maintenance_msgs/cmake/ament_cmake_export_dependencies-extras.cmake
[8.172s] -- Installing: /home/andnetdeboer/baxter_bridge/host_ws/install/baxter_maintenance_msgs/share/baxter_maintenance_msgs/cmake/ament_cmake_export_include_directories-extras.cmake
[8.172s] -- Installing: /home/andnetdeboer/baxter_bridge/host_ws/install/baxter_maintenance_msgs/share/baxter_maintenance_msgs/cmake/ament_cmake_export_libraries-extras.cmake
[8.172s] -- Installing: /home/andnetdeboer/baxter_bridge/host_ws/install/baxter_maintenance_msgs/share/baxter_maintenance_msgs/cmake/ament_cmake_export_targets-extras.cmake
[8.172s] -- Installing: /home/andnetdeboer/baxter_bridge/host_ws/install/baxter_maintenance_msgs/share/baxter_maintenance_msgs/cmake/rosidl_cmake_export_typesupport_targets-extras.cmake
[8.172s] -- Installing: /home/andnetdeboer/baxter_bridge/host_ws/install/baxter_maintenance_msgs/share/baxter_maintenance_msgs/cmake/rosidl_cmake_export_typesupport_libraries-extras.cmake
[8.173s] -- Installing: /home/andnetdeboer/baxter_bridge/host_ws/install/baxter_maintenance_msgs/share/baxter_maintenance_msgs/cmake/baxter_maintenance_msgsConfig.cmake
[8.173s] -- Installing: /home/andnetdeboer/baxter_bridge/host_ws/install/baxter_maintenance_msgs/share/baxter_maintenance_msgs/cmake/baxter_maintenance_msgsConfig-version.cmake
[8.173s] -- Installing: /home/andnetdeboer/baxter_bridge/host_ws/install/baxter_maintenance_msgs/share/baxter_maintenance_msgs/package.xml
[8.173s] Invoked command in '/home/andnetdeboer/baxter_bridge/host_ws/build/baxter_maintenance_msgs' returned '0': CMAKE_PREFIX_PATH=${CMAKE_PREFIX_PATH}:/opt/ros/kilted DEBUGINFOD_URLS=https://debuginfod.ubuntu.com /usr/bin/cmake --install /home/andnetdeboer/baxter_bridge/host_ws/build/baxter_maintenance_msgs
